make: Entering directory '/home/raspberry/Pulpit/OpenNI2-master'
make -C ThirdParty/PSCommon/XnLib/Source
make -C Source/DepthUtils
make[1]: Entering directory '/home/raspberry/Pulpit/OpenNI2-master/Source/DepthUtils'
make[1]: Entering directory '/home/raspberry/Pulpit/OpenNI2-master/ThirdParty/PSCommon/XnLib/Source'
g++ -MD -MP -MT "./../../Bin/Intermediate/Arm-Release/libDepthUtils.a/DepthUtils.d ../../Bin/Intermediate/Arm-Release/libDepthUtils.a/DepthUtils.o" -c -march=armv7-a -mtune=cortex-a9 -mfpu=neon -mfloat-abi=softfp  -O3 -fno-tree-pre -fno-strict-aliasing -ftree-vectorize -ffast-math -funsafe-math-optimizations  -flax-vector-conversions -Wall -O2 -DNDEBUG -I. -I../../Include -I../../ThirdParty/PSCommon/XnLib/Include -DXN_NEON -fPIC -fvisibility=hidden -o ../../Bin/Intermediate/Arm-Release/libDepthUtils.a/DepthUtils.o DepthUtils.cpp
g++ -MD -MP -MT "./../Bin/Intermediate/Arm-Release/libXnLib.a/XnErrorLogger.d ../Bin/Intermediate/Arm-Release/libXnLib.a/XnErrorLogger.o" -c -march=armv7-a -mtune=cortex-a9 -mfpu=neon -mfloat-abi=softfp  -O3 -fno-tree-pre -fno-strict-aliasing -ftree-vectorize -ffast-math -funsafe-math-optimizations  -flax-vector-conversions -Wall -O2 -DNDEBUG -I../Include -DXN_NEON -fPIC -fvisibility=hidden -o ../Bin/Intermediate/Arm-Release/libXnLib.a/XnErrorLogger.o XnErrorLogger.cpp
g++ -MD -MP -MT "./../../Bin/Intermediate/Arm-Release/libDepthUtils.a/DepthUtilsImpl.d ../../Bin/Intermediate/Arm-Release/libDepthUtils.a/DepthUtilsImpl.o" -c -march=armv7-a -mtune=cortex-a9 -mfpu=neon -mfloat-abi=softfp  -O3 -fno-tree-pre -fno-strict-aliasing -ftree-vectorize -ffast-math -funsafe-math-optimizations  -flax-vector-conversions -Wall -O2 -DNDEBUG -I. -I../../Include -I../../ThirdParty/PSCommon/XnLib/Include -DXN_NEON -fPIC -fvisibility=hidden -o ../../Bin/Intermediate/Arm-Release/libDepthUtils.a/DepthUtilsImpl.o DepthUtilsImpl.cpp
g++ -MD -MP -MT "./../Bin/Intermediate/Arm-Release/libXnLib.a/XnFPSCalculator.d ../Bin/Intermediate/Arm-Release/libXnLib.a/XnFPSCalculator.o" -c -march=armv7-a -mtune=cortex-a9 -mfpu=neon -mfloat-abi=softfp  -O3 -fno-tree-pre -fno-strict-aliasing -ftree-vectorize -ffast-math -funsafe-math-optimizations  -flax-vector-conversions -Wall -O2 -DNDEBUG -I../Include -DXN_NEON -fPIC -fvisibility=hidden -o ../Bin/Intermediate/Arm-Release/libXnLib.a/XnFPSCalculator.o XnFPSCalculator.cpp
g++ -MD -MP -MT "./../Bin/Intermediate/Arm-Release/libXnLib.a/XnLogFileWriter.d ../Bin/Intermediate/Arm-Release/libXnLib.a/XnLogFileWriter.o" -c -march=armv7-a -mtune=cortex-a9 -mfpu=neon -mfloat-abi=softfp  -O3 -fno-tree-pre -fno-strict-aliasing -ftree-vectorize -ffast-math -funsafe-math-optimizations  -flax-vector-conversions -Wall -O2 -DNDEBUG -I../Include -DXN_NEON -fPIC -fvisibility=hidden -o ../Bin/Intermediate/Arm-Release/libXnLib.a/XnLogFileWriter.o XnLogFileWriter.cpp
ar -cq ../../Bin/Arm-Release/libDepthUtils.a ./../../Bin/Intermediate/Arm-Release/libDepthUtils.a/DepthUtils.o ./../../Bin/Intermediate/Arm-Release/libDepthUtils.a/DepthUtilsImpl.o
make[1]: Leaving directory '/home/raspberry/Pulpit/OpenNI2-master/Source/DepthUtils'
make -C Wrappers/java/OpenNI.java
make[1]: Entering directory '/home/raspberry/Pulpit/OpenNI2-master/Wrappers/java/OpenNI.java'
mkdir -p ../../../Bin/Intermediate/Arm-Release/org.openni.jar
javac  -d ../../../Bin/Intermediate/Arm-Release/org.openni.jar src/org/openni/*.java
g++ -MD -MP -MT "./../Bin/Intermediate/Arm-Release/libXnLib.a/XnScheduler.d ../Bin/Intermediate/Arm-Release/libXnLib.a/XnScheduler.o" -c -march=armv7-a -mtune=cortex-a9 -mfpu=neon -mfloat-abi=softfp  -O3 -fno-tree-pre -fno-strict-aliasing -ftree-vectorize -ffast-math -funsafe-math-optimizations  -flax-vector-conversions -Wall -O2 -DNDEBUG -I../Include -DXN_NEON -fPIC -fvisibility=hidden -o ../Bin/Intermediate/Arm-Release/libXnLib.a/XnScheduler.o XnScheduler.cpp
g++ -MD -MP -MT "./../Bin/Intermediate/Arm-Release/libXnLib.a/XnThreads.d ../Bin/Intermediate/Arm-Release/libXnLib.a/XnThreads.o" -c -march=armv7-a -mtune=cortex-a9 -mfpu=neon -mfloat-abi=softfp  -O3 -fno-tree-pre -fno-strict-aliasing -ftree-vectorize -ffast-math -funsafe-math-optimizations  -flax-vector-conversions -Wall -O2 -DNDEBUG -I../Include -DXN_NEON -fPIC -fvisibility=hidden -o ../Bin/Intermediate/Arm-Release/libXnLib.a/XnThreads.o XnThreads.cpp
g++ -MD -MP -MT "./../Bin/Intermediate/Arm-Release/libXnLib.a/XnUSB.d ../Bin/Intermediate/Arm-Release/libXnLib.a/XnUSB.o" -c -march=armv7-a -mtune=cortex-a9 -mfpu=neon -mfloat-abi=softfp  -O3 -fno-tree-pre -fno-strict-aliasing -ftree-vectorize -ffast-math -funsafe-math-optimizations  -flax-vector-conversions -Wall -O2 -DNDEBUG -I../Include -DXN_NEON -fPIC -fvisibility=hidden -o ../Bin/Intermediate/Arm-Release/libXnLib.a/XnUSB.o XnUSB.cpp
g++ -MD -MP -MT "./../Bin/Intermediate/Arm-Release/libXnLib.a/XnStrings.d ../Bin/Intermediate/Arm-Release/libXnLib.a/XnStrings.o" -c -march=armv7-a -mtune=cortex-a9 -mfpu=neon -mfloat-abi=softfp  -O3 -fno-tree-pre -fno-strict-aliasing -ftree-vectorize -ffast-math -funsafe-math-optimizations  -flax-vector-conversions -Wall -O2 -DNDEBUG -I../Include -DXN_NEON -fPIC -fvisibility=hidden -o ../Bin/Intermediate/Arm-Release/libXnLib.a/XnStrings.o XnStrings.cpp
g++ -MD -MP -MT "./../Bin/Intermediate/Arm-Release/libXnLib.a/XnLib.d ../Bin/Intermediate/Arm-Release/libXnLib.a/XnLib.o" -c -march=armv7-a -mtune=cortex-a9 -mfpu=neon -mfloat-abi=softfp  -O3 -fno-tree-pre -fno-strict-aliasing -ftree-vectorize -ffast-math -funsafe-math-optimizations  -flax-vector-conversions -Wall -O2 -DNDEBUG -I../Include -DXN_NEON -fPIC -fvisibility=hidden -o ../Bin/Intermediate/Arm-Release/libXnLib.a/XnLib.o XnLib.cpp
In file included from XnLib.cpp:21:0:
../Include/XnStatusRegister.h:76:18: warning: ‘s_XN_ERROR_GROUP_NI0_result’ defined but not used [-Wunused-variable]
  static XnStatus s_##group##first##_result = xnRegisterErrorCodeMessages(group, first, sizeof(_XN_ERROR_GROUP_NAME(group, first)) / sizeof(XnErrorCodeData), _XN_ERROR_GROUP_NAME(group, first));
                  ^
../Include/XnStatus.h:97:2: note: in expansion of macro ‘XN_STATUS_MESSAGE_MAP_END_FROM’
  XN_STATUS_MESSAGE_MAP_END_FROM(group, 0)
  ^
../Include/XnStatusCodes.h:73:1: note: in expansion of macro ‘XN_STATUS_MESSAGE_MAP_END’
 XN_STATUS_MESSAGE_MAP_END(XN_ERROR_GROUP_NI)
 ^
../Include/XnStatusRegister.h:76:18: warning: ‘s_XN_ERROR_GROUP_OS0_result’ defined but not used [-Wunused-variable]
  static XnStatus s_##group##first##_result = xnRegisterErrorCodeMessages(group, first, sizeof(_XN_ERROR_GROUP_NAME(group, first)) / sizeof(XnErrorCodeData), _XN_ERROR_GROUP_NAME(group, first));
                  ^
../Include/XnStatus.h:97:2: note: in expansion of macro ‘XN_STATUS_MESSAGE_MAP_END_FROM’
  XN_STATUS_MESSAGE_MAP_END_FROM(group, 0)
  ^
../Include/XnStatusCodes.h:218:1: note: in expansion of macro ‘XN_STATUS_MESSAGE_MAP_END’
 XN_STATUS_MESSAGE_MAP_END(XN_ERROR_GROUP_OS)
 ^
g++ -MD -MP -MT "./../Bin/Intermediate/Arm-Release/libXnLib.a/XnVector3D.d ../Bin/Intermediate/Arm-Release/libXnLib.a/XnVector3D.o" -c -march=armv7-a -mtune=cortex-a9 -mfpu=neon -mfloat-abi=softfp  -O3 -fno-tree-pre -fno-strict-aliasing -ftree-vectorize -ffast-math -funsafe-math-optimizations  -flax-vector-conversions -Wall -O2 -DNDEBUG -I../Include -DXN_NEON -fPIC -fvisibility=hidden -o ../Bin/Intermediate/Arm-Release/libXnLib.a/XnVector3D.o XnVector3D.cpp
In file included from ../Include/XnVector3D.h:25:0,
                 from XnVector3D.cpp:21:
../Include/XnMath.h:158:24: warning: ‘xnl::Math::ROOT_TWO’ defined but not used [-Wunused-variable]
   static const XnFloat ROOT_TWO = (XnFloat)Sqrt(2.0f);
                        ^
../Include/XnMath.h:159:24: warning: ‘xnl::Math::ROOT_THREE’ defined but not used [-Wunused-variable]
   static const XnFloat ROOT_THREE = (XnFloat)Sqrt(3.0f);
                        ^
../Include/XnMath.h:163:24: warning: ‘xnl::Math::ROOT_TWO_PI’ defined but not used [-Wunused-variable]
   static const XnFloat ROOT_TWO_PI = (XnFloat)Sqrt(2.0f*M_PI);
                        ^
../Include/XnMath.h:166:24: warning: ‘xnl::Math::PHI’ defined but not used [-Wunused-variable]
   static const XnFloat PHI = (XnFloat)((-1.0f + Sqrt(5.0f)) / 2.0f);
                        ^
g++ -MD -MP -MT "./../Bin/Intermediate/Arm-Release/libXnLib.a/XnDumpFileWriter.d ../Bin/Intermediate/Arm-Release/libXnLib.a/XnDumpFileWriter.o" -c -march=armv7-a -mtune=cortex-a9 -mfpu=neon -mfloat-abi=softfp  -O3 -fno-tree-pre -fno-strict-aliasing -ftree-vectorize -ffast-math -funsafe-math-optimizations  -flax-vector-conversions -Wall -O2 -DNDEBUG -I../Include -DXN_NEON -fPIC -fvisibility=hidden -o ../Bin/Intermediate/Arm-Release/libXnLib.a/XnDumpFileWriter.o XnDumpFileWriter.cpp
jar -cf ../../../Bin/Arm-Release/org.openni.jar  -C ../../../Bin/Intermediate/Arm-Release/org.openni.jar .
g++ -MD -MP -MT "./../Bin/Intermediate/Arm-Release/libXnLib.a/XnSytmmetricMatrix3x3.d ../Bin/Intermediate/Arm-Release/libXnLib.a/XnSytmmetricMatrix3x3.o" -c -march=armv7-a -mtune=cortex-a9 -mfpu=neon -mfloat-abi=softfp  -O3 -fno-tree-pre -fno-strict-aliasing -ftree-vectorize -ffast-math -funsafe-math-optimizations  -flax-vector-conversions -Wall -O2 -DNDEBUG -I../Include -DXN_NEON -fPIC -fvisibility=hidden -o ../Bin/Intermediate/Arm-Release/libXnLib.a/XnSytmmetricMatrix3x3.o XnSytmmetricMatrix3x3.cpp
make[1]: Leaving directory '/home/raspberry/Pulpit/OpenNI2-master/Wrappers/java/OpenNI.java'
Source/Documentation/Runme.py
In file included from ../Include/XnVector3D.h:25:0,
                 from ../Include/XnSymmetricMatrix3x3.h:26,
                 from XnSytmmetricMatrix3x3.cpp:21:
../Include/XnMath.h:158:24: warning: ‘xnl::Math::ROOT_TWO’ defined but not used [-Wunused-variable]
   static const XnFloat ROOT_TWO = (XnFloat)Sqrt(2.0f);
                        ^
../Include/XnMath.h:163:24: warning: ‘xnl::Math::ROOT_TWO_PI’ defined but not used [-Wunused-variable]
   static const XnFloat ROOT_TWO_PI = (XnFloat)Sqrt(2.0f*M_PI);
                        ^
../Include/XnMath.h:166:24: warning: ‘xnl::Math::PHI’ defined but not used [-Wunused-variable]
   static const XnFloat PHI = (XnFloat)((-1.0f + Sqrt(5.0f)) / 2.0f);
                        ^
g++ -MD -MP -MT "./../Bin/Intermediate/Arm-Release/libXnLib.a/XnLog.d ../Bin/Intermediate/Arm-Release/libXnLib.a/XnLog.o" -c -march=armv7-a -mtune=cortex-a9 -mfpu=neon -mfloat-abi=softfp  -O3 -fno-tree-pre -fno-strict-aliasing -ftree-vectorize -ffast-math -funsafe-math-optimizations  -flax-vector-conversions -Wall -O2 -DNDEBUG -I../Include -DXN_NEON -fPIC -fvisibility=hidden -o ../Bin/Intermediate/Arm-Release/libXnLib.a/XnLog.o XnLog.cpp
g++ -MD -MP -MT "./../Bin/Intermediate/Arm-Release/libXnLib.a/XnOS.d ../Bin/Intermediate/Arm-Release/libXnLib.a/XnOS.o" -c -march=armv7-a -mtune=cortex-a9 -mfpu=neon -mfloat-abi=softfp  -O3 -fno-tree-pre -fno-strict-aliasing -ftree-vectorize -ffast-math -funsafe-math-optimizations  -flax-vector-conversions -Wall -O2 -DNDEBUG -I../Include -DXN_NEON -fPIC -fvisibility=hidden -o ../Bin/Intermediate/Arm-Release/libXnLib.a/XnOS.o XnOS.cpp
g++ -MD -MP -MT "./../Bin/Intermediate/Arm-Release/libXnLib.a/XnLogConsoleWriter.d ../Bin/Intermediate/Arm-Release/libXnLib.a/XnLogConsoleWriter.o" -c -march=armv7-a -mtune=cortex-a9 -mfpu=neon -mfloat-abi=softfp  -O3 -fno-tree-pre -fno-strict-aliasing -ftree-vectorize -ffast-math -funsafe-math-optimizations  -flax-vector-conversions -Wall -O2 -DNDEBUG -I../Include -DXN_NEON -fPIC -fvisibility=hidden -o ../Bin/Intermediate/Arm-Release/libXnLib.a/XnLogConsoleWriter.o XnLogConsoleWriter.cpp
g++ -MD -MP -MT "./../Bin/Intermediate/Arm-Release/libXnLib.a/XnStatus.d ../Bin/Intermediate/Arm-Release/libXnLib.a/XnStatus.o" -c -march=armv7-a -mtune=cortex-a9 -mfpu=neon -mfloat-abi=softfp  -O3 -fno-tree-pre -fno-strict-aliasing -ftree-vectorize -ffast-math -funsafe-math-optimizations  -flax-vector-conversions -Wall -O2 -DNDEBUG -I../Include -DXN_NEON -fPIC -fvisibility=hidden -o ../Bin/Intermediate/Arm-Release/libXnLib.a/XnStatus.o XnStatus.cpp
rm -f Source/Documentation/html/*.md5
make -C Samples/SimpleViewer.java
make[1]: Entering directory '/home/raspberry/Pulpit/OpenNI2-master/Samples/SimpleViewer.java'
XnStatus.cpp:47:17: warning: ‘s_XN_OK_result’ defined but not used [-Wunused-variable]
 static XnStatus s_XN_OK_result = xnRegisterErrorCodeMessages(0, 0, 1, &s_OK_Data);
                 ^
mkdir -p ../../Bin/Intermediate/Arm-Release/org.openni.Samples.SimpleViewer.jar
javac -cp ../../Bin/Arm-Release/org.openni.jar -d ../../Bin/Intermediate/Arm-Release/org.openni.Samples.SimpleViewer.jar src/org/openni/Samples/SimpleViewer/*.java
g++ -MD -MP -MT "./../Bin/Intermediate/Arm-Release/libXnLib.a/XnProfiling.d ../Bin/Intermediate/Arm-Release/libXnLib.a/XnProfiling.o" -c -march=armv7-a -mtune=cortex-a9 -mfpu=neon -mfloat-abi=softfp  -O3 -fno-tree-pre -fno-strict-aliasing -ftree-vectorize -ffast-math -funsafe-math-optimizations  -flax-vector-conversions -Wall -O2 -DNDEBUG -I../Include -DXN_NEON -fPIC -fvisibility=hidden -o ../Bin/Intermediate/Arm-Release/libXnLib.a/XnProfiling.o XnProfiling.cpp
g++ -MD -MP -MT "./../Bin/Intermediate/Arm-Release/libXnLib.a/XnOSMemoryProfiling.d ../Bin/Intermediate/Arm-Release/libXnLib.a/XnOSMemoryProfiling.o" -c -march=armv7-a -mtune=cortex-a9 -mfpu=neon -mfloat-abi=softfp  -O3 -fno-tree-pre -fno-strict-aliasing -ftree-vectorize -ffast-math -funsafe-math-optimizations  -flax-vector-conversions -Wall -O2 -DNDEBUG -I../Include -DXN_NEON -fPIC -fvisibility=hidden -o ../Bin/Intermediate/Arm-Release/libXnLib.a/XnOSMemoryProfiling.o XnOSMemoryProfiling.cpp
g++ -MD -MP -MT "./../Bin/Intermediate/Arm-Release/libXnLib.a/XnFiles.d ../Bin/Intermediate/Arm-Release/libXnLib.a/XnFiles.o" -c -march=armv7-a -mtune=cortex-a9 -mfpu=neon -mfloat-abi=softfp  -O3 -fno-tree-pre -fno-strict-aliasing -ftree-vectorize -ffast-math -funsafe-math-optimizations  -flax-vector-conversions -Wall -O2 -DNDEBUG -I../Include -DXN_NEON -fPIC -fvisibility=hidden -o ../Bin/Intermediate/Arm-Release/libXnLib.a/XnFiles.o XnFiles.cpp
g++ -MD -MP -MT "./../Bin/Intermediate/Arm-Release/libXnLib.a/XnLogAndroidWriter.d ../Bin/Intermediate/Arm-Release/libXnLib.a/XnLogAndroidWriter.o" -c -march=armv7-a -mtune=cortex-a9 -mfpu=neon -mfloat-abi=softfp  -O3 -fno-tree-pre -fno-strict-aliasing -ftree-vectorize -ffast-math -funsafe-math-optimizations  -flax-vector-conversions -Wall -O2 -DNDEBUG -I../Include -DXN_NEON -fPIC -fvisibility=hidden -o ../Bin/Intermediate/Arm-Release/libXnLib.a/XnLogAndroidWriter.o XnLogAndroidWriter.cpp
g++ -MD -MP -MT "./../Bin/Intermediate/Arm-Release/libXnLib.a/XnDump.d ../Bin/Intermediate/Arm-Release/libXnLib.a/XnDump.o" -c -march=armv7-a -mtune=cortex-a9 -mfpu=neon -mfloat-abi=softfp  -O3 -fno-tree-pre -fno-strict-aliasing -ftree-vectorize -ffast-math -funsafe-math-optimizations  -flax-vector-conversions -Wall -O2 -DNDEBUG -I../Include -DXN_NEON -fPIC -fvisibility=hidden -o ../Bin/Intermediate/Arm-Release/libXnLib.a/XnDump.o XnDump.cpp
( echo "Main-Class: org.openni.Samples.SimpleViewer.SimpleViewerApplication"; echo "Class-Path:  org.openni.jar"; ) > ../../Bin/Intermediate/Arm-Release/org.openni.Samples.SimpleViewer.jar/Manifest.txt
jar -cfm ../../Bin/Arm-Release/org.openni.Samples.SimpleViewer.jar ../../Bin/Intermediate/Arm-Release/org.openni.Samples.SimpleViewer.jar/Manifest.txt -C ../../Bin/Intermediate/Arm-Release/org.openni.Samples.SimpleViewer.jar .
echo LD_LIBRARY_PATH=. java -jar org.openni.Samples.SimpleViewer.jar > ../../Bin/Arm-Release/org.openni.Samples.SimpleViewer; chmod +x ../../Bin/Arm-Release/org.openni.Samples.SimpleViewer
make[1]: Leaving directory '/home/raspberry/Pulpit/OpenNI2-master/Samples/SimpleViewer.java'
g++ -MD -MP -MT "./../Bin/Intermediate/Arm-Release/libXnLib.a/XnLinuxPosixNamedEvents.d ../Bin/Intermediate/Arm-Release/libXnLib.a/XnLinuxPosixNamedEvents.o" -c -march=armv7-a -mtune=cortex-a9 -mfpu=neon -mfloat-abi=softfp  -O3 -fno-tree-pre -fno-strict-aliasing -ftree-vectorize -ffast-math -funsafe-math-optimizations  -flax-vector-conversions -Wall -O2 -DNDEBUG -I../Include -DXN_NEON -fPIC -fvisibility=hidden -o ../Bin/Intermediate/Arm-Release/libXnLib.a/XnLinuxPosixNamedEvents.o Linux/XnLinuxPosixNamedEvents.cpp
g++ -MD -MP -MT "./../Bin/Intermediate/Arm-Release/libXnLib.a/XnLinuxSharedMemory.d ../Bin/Intermediate/Arm-Release/libXnLib.a/XnLinuxSharedMemory.o" -c -march=armv7-a -mtune=cortex-a9 -mfpu=neon -mfloat-abi=softfp  -O3 -fno-tree-pre -fno-strict-aliasing -ftree-vectorize -ffast-math -funsafe-math-optimizations  -flax-vector-conversions -Wall -O2 -DNDEBUG -I../Include -DXN_NEON -fPIC -fvisibility=hidden -o ../Bin/Intermediate/Arm-Release/libXnLib.a/XnLinuxSharedMemory.o Linux/XnLinuxSharedMemory.cpp
g++ -MD -MP -MT "./../Bin/Intermediate/Arm-Release/libXnLib.a/XnLinuxUSBDevice.d ../Bin/Intermediate/Arm-Release/libXnLib.a/XnLinuxUSBDevice.o" -c -march=armv7-a -mtune=cortex-a9 -mfpu=neon -mfloat-abi=softfp  -O3 -fno-tree-pre -fno-strict-aliasing -ftree-vectorize -ffast-math -funsafe-math-optimizations  -flax-vector-conversions -Wall -O2 -DNDEBUG -I../Include -DXN_NEON -fPIC -fvisibility=hidden -o ../Bin/Intermediate/Arm-Release/libXnLib.a/XnLinuxUSBDevice.o Linux/XnLinuxUSBDevice.cpp
g++ -MD -MP -MT "./../Bin/Intermediate/Arm-Release/libXnLib.a/XnLinuxStrings.d ../Bin/Intermediate/Arm-Release/libXnLib.a/XnLinuxStrings.o" -c -march=armv7-a -mtune=cortex-a9 -mfpu=neon -mfloat-abi=softfp  -O3 -fno-tree-pre -fno-strict-aliasing -ftree-vectorize -ffast-math -funsafe-math-optimizations  -flax-vector-conversions -Wall -O2 -DNDEBUG -I../Include -DXN_NEON -fPIC -fvisibility=hidden -o ../Bin/Intermediate/Arm-Release/libXnLib.a/XnLinuxStrings.o Linux/XnLinuxStrings.cpp
g++ -MD -MP -MT "./../Bin/Intermediate/Arm-Release/libXnLib.a/XnLinuxUSB.d ../Bin/Intermediate/Arm-Release/libXnLib.a/XnLinuxUSB.o" -c -march=armv7-a -mtune=cortex-a9 -mfpu=neon -mfloat-abi=softfp  -O3 -fno-tree-pre -fno-strict-aliasing -ftree-vectorize -ffast-math -funsafe-math-optimizations  -flax-vector-conversions -Wall -O2 -DNDEBUG -I../Include -DXN_NEON -fPIC -fvisibility=hidden -o ../Bin/Intermediate/Arm-Release/libXnLib.a/XnLinuxUSB.o Linux/XnLinuxUSB.cpp
g++ -MD -MP -MT "./../Bin/Intermediate/Arm-Release/libXnLib.a/XnLinuxCriticalSections.d ../Bin/Intermediate/Arm-Release/libXnLib.a/XnLinuxCriticalSections.o" -c -march=armv7-a -mtune=cortex-a9 -mfpu=neon -mfloat-abi=softfp  -O3 -fno-tree-pre -fno-strict-aliasing -ftree-vectorize -ffast-math -funsafe-math-optimizations  -flax-vector-conversions -Wall -O2 -DNDEBUG -I../Include -DXN_NEON -fPIC -fvisibility=hidden -o ../Bin/Intermediate/Arm-Release/libXnLib.a/XnLinuxCriticalSections.o Linux/XnLinuxCriticalSections.cpp
g++ -MD -MP -MT "./../Bin/Intermediate/Arm-Release/libXnLib.a/XnLinuxMutex.d ../Bin/Intermediate/Arm-Release/libXnLib.a/XnLinuxMutex.o" -c -march=armv7-a -mtune=cortex-a9 -mfpu=neon -mfloat-abi=softfp  -O3 -fno-tree-pre -fno-strict-aliasing -ftree-vectorize -ffast-math -funsafe-math-optimizations  -flax-vector-conversions -Wall -O2 -DNDEBUG -I../Include -DXN_NEON -fPIC -fvisibility=hidden -o ../Bin/Intermediate/Arm-Release/libXnLib.a/XnLinuxMutex.o Linux/XnLinuxMutex.cpp
g++ -MD -MP -MT "./../Bin/Intermediate/Arm-Release/libXnLib.a/XnLinuxMemory.d ../Bin/Intermediate/Arm-Release/libXnLib.a/XnLinuxMemory.o" -c -march=armv7-a -mtune=cortex-a9 -mfpu=neon -mfloat-abi=softfp  -O3 -fno-tree-pre -fno-strict-aliasing -ftree-vectorize -ffast-math -funsafe-math-optimizations  -flax-vector-conversions -Wall -O2 -DNDEBUG -I../Include -DXN_NEON -fPIC -fvisibility=hidden -o ../Bin/Intermediate/Arm-Release/libXnLib.a/XnLinuxMemory.o Linux/XnLinuxMemory.cpp
g++ -MD -MP -MT "./../Bin/Intermediate/Arm-Release/libXnLib.a/XnLinuxThreads.d ../Bin/Intermediate/Arm-Release/libXnLib.a/XnLinuxThreads.o" -c -march=armv7-a -mtune=cortex-a9 -mfpu=neon -mfloat-abi=softfp  -O3 -fno-tree-pre -fno-strict-aliasing -ftree-vectorize -ffast-math -funsafe-math-optimizations  -flax-vector-conversions -Wall -O2 -DNDEBUG -I../Include -DXN_NEON -fPIC -fvisibility=hidden -o ../Bin/Intermediate/Arm-Release/libXnLib.a/XnLinuxThreads.o Linux/XnLinuxThreads.cpp
g++ -MD -MP -MT "./../Bin/Intermediate/Arm-Release/libXnLib.a/XnLinuxProcesses.d ../Bin/Intermediate/Arm-Release/libXnLib.a/XnLinuxProcesses.o" -c -march=armv7-a -mtune=cortex-a9 -mfpu=neon -mfloat-abi=softfp  -O3 -fno-tree-pre -fno-strict-aliasing -ftree-vectorize -ffast-math -funsafe-math-optimizations  -flax-vector-conversions -Wall -O2 -DNDEBUG -I../Include -DXN_NEON -fPIC -fvisibility=hidden -o ../Bin/Intermediate/Arm-Release/libXnLib.a/XnLinuxProcesses.o Linux/XnLinuxProcesses.cpp
g++ -MD -MP -MT "./../Bin/Intermediate/Arm-Release/libXnLib.a/XnLinuxDebug.d ../Bin/Intermediate/Arm-Release/libXnLib.a/XnLinuxDebug.o" -c -march=armv7-a -mtune=cortex-a9 -mfpu=neon -mfloat-abi=softfp  -O3 -fno-tree-pre -fno-strict-aliasing -ftree-vectorize -ffast-math -funsafe-math-optimizations  -flax-vector-conversions -Wall -O2 -DNDEBUG -I../Include -DXN_NEON -fPIC -fvisibility=hidden -o ../Bin/Intermediate/Arm-Release/libXnLib.a/XnLinuxDebug.o Linux/XnLinuxDebug.cpp
g++ -MD -MP -MT "./../Bin/Intermediate/Arm-Release/libXnLib.a/XnLinuxPosixEvents.d ../Bin/Intermediate/Arm-Release/libXnLib.a/XnLinuxPosixEvents.o" -c -march=armv7-a -mtune=cortex-a9 -mfpu=neon -mfloat-abi=softfp  -O3 -fno-tree-pre -fno-strict-aliasing -ftree-vectorize -ffast-math -funsafe-math-optimizations  -flax-vector-conversions -Wall -O2 -DNDEBUG -I../Include -DXN_NEON -fPIC -fvisibility=hidden -o ../Bin/Intermediate/Arm-Release/libXnLib.a/XnLinuxPosixEvents.o Linux/XnLinuxPosixEvents.cpp
g++ -MD -MP -MT "./../Bin/Intermediate/Arm-Release/libXnLib.a/XnLinuxNetwork.d ../Bin/Intermediate/Arm-Release/libXnLib.a/XnLinuxNetwork.o" -c -march=armv7-a -mtune=cortex-a9 -mfpu=neon -mfloat-abi=softfp  -O3 -fno-tree-pre -fno-strict-aliasing -ftree-vectorize -ffast-math -funsafe-math-optimizations  -flax-vector-conversions -Wall -O2 -DNDEBUG -I../Include -DXN_NEON -fPIC -fvisibility=hidden -o ../Bin/Intermediate/Arm-Release/libXnLib.a/XnLinuxNetwork.o Linux/XnLinuxNetwork.cpp
g++ -MD -MP -MT "./../Bin/Intermediate/Arm-Release/libXnLib.a/XnLinuxKeyboard.d ../Bin/Intermediate/Arm-Release/libXnLib.a/XnLinuxKeyboard.o" -c -march=armv7-a -mtune=cortex-a9 -mfpu=neon -mfloat-abi=softfp  -O3 -fno-tree-pre -fno-strict-aliasing -ftree-vectorize -ffast-math -funsafe-math-optimizations  -flax-vector-conversions -Wall -O2 -DNDEBUG -I../Include -DXN_NEON -fPIC -fvisibility=hidden -o ../Bin/Intermediate/Arm-Release/libXnLib.a/XnLinuxKeyboard.o Linux/XnLinuxKeyboard.cpp
g++ -MD -MP -MT "./../Bin/Intermediate/Arm-Release/libXnLib.a/XnLinuxINI.d ../Bin/Intermediate/Arm-Release/libXnLib.a/XnLinuxINI.o" -c -march=armv7-a -mtune=cortex-a9 -mfpu=neon -mfloat-abi=softfp  -O3 -fno-tree-pre -fno-strict-aliasing -ftree-vectorize -ffast-math -funsafe-math-optimizations  -flax-vector-conversions -Wall -O2 -DNDEBUG -I../Include -DXN_NEON -fPIC -fvisibility=hidden -o ../Bin/Intermediate/Arm-Release/libXnLib.a/XnLinuxINI.o Linux/XnLinuxINI.cpp
g++ -MD -MP -MT "./../Bin/Intermediate/Arm-Release/libXnLib.a/XnLinuxFiles.d ../Bin/Intermediate/Arm-Release/libXnLib.a/XnLinuxFiles.o" -c -march=armv7-a -mtune=cortex-a9 -mfpu=neon -mfloat-abi=softfp  -O3 -fno-tree-pre -fno-strict-aliasing -ftree-vectorize -ffast-math -funsafe-math-optimizations  -flax-vector-conversions -Wall -O2 -DNDEBUG -I../Include -DXN_NEON -fPIC -fvisibility=hidden -o ../Bin/Intermediate/Arm-Release/libXnLib.a/XnLinuxFiles.o Linux/XnLinuxFiles.cpp
g++ -MD -MP -MT "./../Bin/Intermediate/Arm-Release/libXnLib.a/XnLinuxEvents.d ../Bin/Intermediate/Arm-Release/libXnLib.a/XnLinuxEvents.o" -c -march=armv7-a -mtune=cortex-a9 -mfpu=neon -mfloat-abi=softfp  -O3 -fno-tree-pre -fno-strict-aliasing -ftree-vectorize -ffast-math -funsafe-math-optimizations  -flax-vector-conversions -Wall -O2 -DNDEBUG -I../Include -DXN_NEON -fPIC -fvisibility=hidden -o ../Bin/Intermediate/Arm-Release/libXnLib.a/XnLinuxEvents.o Linux/XnLinuxEvents.cpp
g++ -MD -MP -MT "./../Bin/Intermediate/Arm-Release/libXnLib.a/XnLinuxTime.d ../Bin/Intermediate/Arm-Release/libXnLib.a/XnLinuxTime.o" -c -march=armv7-a -mtune=cortex-a9 -mfpu=neon -mfloat-abi=softfp  -O3 -fno-tree-pre -fno-strict-aliasing -ftree-vectorize -ffast-math -funsafe-math-optimizations  -flax-vector-conversions -Wall -O2 -DNDEBUG -I../Include -DXN_NEON -fPIC -fvisibility=hidden -o ../Bin/Intermediate/Arm-Release/libXnLib.a/XnLinuxTime.o Linux/XnLinuxTime.cpp
g++ -MD -MP -MT "./../Bin/Intermediate/Arm-Release/libXnLib.a/XnLinuxSharedLibs.d ../Bin/Intermediate/Arm-Release/libXnLib.a/XnLinuxSharedLibs.o" -c -march=armv7-a -mtune=cortex-a9 -mfpu=neon -mfloat-abi=softfp  -O3 -fno-tree-pre -fno-strict-aliasing -ftree-vectorize -ffast-math -funsafe-math-optimizations  -flax-vector-conversions -Wall -O2 -DNDEBUG -I../Include -DXN_NEON -fPIC -fvisibility=hidden -o ../Bin/Intermediate/Arm-Release/libXnLib.a/XnLinuxSharedLibs.o Linux/XnLinuxSharedLibs.cpp
Linux/XnLinuxTime.cpp:33:17: warning: ‘g_initalizeStatus’ defined but not used [-Wunused-variable]
 static XnStatus g_initalizeStatus = xnOSTimeInit();
                 ^
g++ -MD -MP -MT "./../Bin/Intermediate/Arm-Release/libXnLib.a/XnLinuxSysVNamedEvents.d ../Bin/Intermediate/Arm-Release/libXnLib.a/XnLinuxSysVNamedEvents.o" -c -march=armv7-a -mtune=cortex-a9 -mfpu=neon -mfloat-abi=softfp  -O3 -fno-tree-pre -fno-strict-aliasing -ftree-vectorize -ffast-math -funsafe-math-optimizations  -flax-vector-conversions -Wall -O2 -DNDEBUG -I../Include -DXN_NEON -fPIC -fvisibility=hidden -o ../Bin/Intermediate/Arm-Release/libXnLib.a/XnLinuxSysVNamedEvents.o Linux/XnLinuxSysVNamedEvents.cpp
ar -cq ../Bin/Arm-Release/libXnLib.a ./../Bin/Intermediate/Arm-Release/libXnLib.a/XnErrorLogger.o ./../Bin/Intermediate/Arm-Release/libXnLib.a/XnFPSCalculator.o ./../Bin/Intermediate/Arm-Release/libXnLib.a/XnLogFileWriter.o ./../Bin/Intermediate/Arm-Release/libXnLib.a/XnScheduler.o ./../Bin/Intermediate/Arm-Release/libXnLib.a/XnThreads.o ./../Bin/Intermediate/Arm-Release/libXnLib.a/XnUSB.o ./../Bin/Intermediate/Arm-Release/libXnLib.a/XnStrings.o ./../Bin/Intermediate/Arm-Release/libXnLib.a/XnLib.o ./../Bin/Intermediate/Arm-Release/libXnLib.a/XnVector3D.o ./../Bin/Intermediate/Arm-Release/libXnLib.a/XnDumpFileWriter.o ./../Bin/Intermediate/Arm-Release/libXnLib.a/XnSytmmetricMatrix3x3.o ./../Bin/Intermediate/Arm-Release/libXnLib.a/XnLog.o ./../Bin/Intermediate/Arm-Release/libXnLib.a/XnOS.o ./../Bin/Intermediate/Arm-Release/libXnLib.a/XnLogConsoleWriter.o ./../Bin/Intermediate/Arm-Release/libXnLib.a/XnStatus.o ./../Bin/Intermediate/Arm-Release/libXnLib.a/XnProfiling.o ./../Bin/Intermediate/Arm-Release/libXnLib.a/XnOSMemoryProfiling.o ./../Bin/Intermediate/Arm-Release/libXnLib.a/XnFiles.o ./../Bin/Intermediate/Arm-Release/libXnLib.a/XnLogAndroidWriter.o ./../Bin/Intermediate/Arm-Release/libXnLib.a/XnDump.o ./../Bin/Intermediate/Arm-Release/libXnLib.a/XnLinuxPosixNamedEvents.o ./../Bin/Intermediate/Arm-Release/libXnLib.a/XnLinuxSharedMemory.o ./../Bin/Intermediate/Arm-Release/libXnLib.a/XnLinuxUSBDevice.o ./../Bin/Intermediate/Arm-Release/libXnLib.a/XnLinuxStrings.o ./../Bin/Intermediate/Arm-Release/libXnLib.a/XnLinuxUSB.o ./../Bin/Intermediate/Arm-Release/libXnLib.a/XnLinuxCriticalSections.o ./../Bin/Intermediate/Arm-Release/libXnLib.a/XnLinuxMutex.o ./../Bin/Intermediate/Arm-Release/libXnLib.a/XnLinuxMemory.o ./../Bin/Intermediate/Arm-Release/libXnLib.a/XnLinuxThreads.o ./../Bin/Intermediate/Arm-Release/libXnLib.a/XnLinuxProcesses.o ./../Bin/Intermediate/Arm-Release/libXnLib.a/XnLinuxDebug.o ./../Bin/Intermediate/Arm-Release/libXnLib.a/XnLinuxPosixEvents.o ./../Bin/Intermediate/Arm-Release/libXnLib.a/XnLinuxNetwork.o ./../Bin/Intermediate/Arm-Release/libXnLib.a/XnLinuxKeyboard.o ./../Bin/Intermediate/Arm-Release/libXnLib.a/XnLinuxINI.o ./../Bin/Intermediate/Arm-Release/libXnLib.a/XnLinuxFiles.o ./../Bin/Intermediate/Arm-Release/libXnLib.a/XnLinuxEvents.o ./../Bin/Intermediate/Arm-Release/libXnLib.a/XnLinuxTime.o ./../Bin/Intermediate/Arm-Release/libXnLib.a/XnLinuxSharedLibs.o ./../Bin/Intermediate/Arm-Release/libXnLib.a/XnLinuxSysVNamedEvents.o
make[1]: Leaving directory '/home/raspberry/Pulpit/OpenNI2-master/ThirdParty/PSCommon/XnLib/Source'
make -C Source/Core
make[1]: Entering directory '/home/raspberry/Pulpit/OpenNI2-master/Source/Core'
g++ -MD -MP -MT "./../../Bin/Intermediate/Arm-Release/libOpenNI2.so/OniFrameManager.d ../../Bin/Intermediate/Arm-Release/libOpenNI2.so/OniFrameManager.o" -c -march=armv7-a -mtune=cortex-a9 -mfpu=neon -mfloat-abi=softfp  -O3 -fno-tree-pre -fno-strict-aliasing -ftree-vectorize -ffast-math -funsafe-math-optimizations  -flax-vector-conversions -Wall -O2 -DNDEBUG -I../../Include -I../../ThirdParty/PSCommon/XnLib/Include -I../Drivers/OniFile/Formats -I../../ThirdParty/LibJPEG -DXN_NEON -DOPENNI2_EXPORT -fPIC -fvisibility=hidden -o ../../Bin/Intermediate/Arm-Release/libOpenNI2.so/OniFrameManager.o OniFrameManager.cpp
g++ -MD -MP -MT "./../../Bin/Intermediate/Arm-Release/libOpenNI2.so/OniSyncedStreamsFrameHolder.d ../../Bin/Intermediate/Arm-Release/libOpenNI2.so/OniSyncedStreamsFrameHolder.o" -c -march=armv7-a -mtune=cortex-a9 -mfpu=neon -mfloat-abi=softfp  -O3 -fno-tree-pre -fno-strict-aliasing -ftree-vectorize -ffast-math -funsafe-math-optimizations  -flax-vector-conversions -Wall -O2 -DNDEBUG -I../../Include -I../../ThirdParty/PSCommon/XnLib/Include -I../Drivers/OniFile/Formats -I../../ThirdParty/LibJPEG -DXN_NEON -DOPENNI2_EXPORT -fPIC -fvisibility=hidden -o ../../Bin/Intermediate/Arm-Release/libOpenNI2.so/OniSyncedStreamsFrameHolder.o OniSyncedStreamsFrameHolder.cpp
g++ -MD -MP -MT "./../../Bin/Intermediate/Arm-Release/libOpenNI2.so/OniContext.d ../../Bin/Intermediate/Arm-Release/libOpenNI2.so/OniContext.o" -c -march=armv7-a -mtune=cortex-a9 -mfpu=neon -mfloat-abi=softfp  -O3 -fno-tree-pre -fno-strict-aliasing -ftree-vectorize -ffast-math -funsafe-math-optimizations  -flax-vector-conversions -Wall -O2 -DNDEBUG -I../../Include -I../../ThirdParty/PSCommon/XnLib/Include -I../Drivers/OniFile/Formats -I../../ThirdParty/LibJPEG -DXN_NEON -DOPENNI2_EXPORT -fPIC -fvisibility=hidden -o ../../Bin/Intermediate/Arm-Release/libOpenNI2.so/OniContext.o OniContext.cpp
g++ -MD -MP -MT "./../../Bin/Intermediate/Arm-Release/libOpenNI2.so/OniDriverHandler.d ../../Bin/Intermediate/Arm-Release/libOpenNI2.so/OniDriverHandler.o" -c -march=armv7-a -mtune=cortex-a9 -mfpu=neon -mfloat-abi=softfp  -O3 -fno-tree-pre -fno-strict-aliasing -ftree-vectorize -ffast-math -funsafe-math-optimizations  -flax-vector-conversions -Wall -O2 -DNDEBUG -I../../Include -I../../ThirdParty/PSCommon/XnLib/Include -I../Drivers/OniFile/Formats -I../../ThirdParty/LibJPEG -DXN_NEON -DOPENNI2_EXPORT -fPIC -fvisibility=hidden -o ../../Bin/Intermediate/Arm-Release/libOpenNI2.so/OniDriverHandler.o OniDriverHandler.cpp
g++ -MD -MP -MT "./../../Bin/Intermediate/Arm-Release/libOpenNI2.so/OniStreamFrameHolder.d ../../Bin/Intermediate/Arm-Release/libOpenNI2.so/OniStreamFrameHolder.o" -c -march=armv7-a -mtune=cortex-a9 -mfpu=neon -mfloat-abi=softfp  -O3 -fno-tree-pre -fno-strict-aliasing -ftree-vectorize -ffast-math -funsafe-math-optimizations  -flax-vector-conversions -Wall -O2 -DNDEBUG -I../../Include -I../../ThirdParty/PSCommon/XnLib/Include -I../Drivers/OniFile/Formats -I../../ThirdParty/LibJPEG -DXN_NEON -DOPENNI2_EXPORT -fPIC -fvisibility=hidden -o ../../Bin/Intermediate/Arm-Release/libOpenNI2.so/OniStreamFrameHolder.o OniStreamFrameHolder.cpp
g++ -MD -MP -MT "./../../Bin/Intermediate/Arm-Release/libOpenNI2.so/OniDataRecords.d ../../Bin/Intermediate/Arm-Release/libOpenNI2.so/OniDataRecords.o" -c -march=armv7-a -mtune=cortex-a9 -mfpu=neon -mfloat-abi=softfp  -O3 -fno-tree-pre -fno-strict-aliasing -ftree-vectorize -ffast-math -funsafe-math-optimizations  -flax-vector-conversions -Wall -O2 -DNDEBUG -I../../Include -I../../ThirdParty/PSCommon/XnLib/Include -I../Drivers/OniFile/Formats -I../../ThirdParty/LibJPEG -DXN_NEON -DOPENNI2_EXPORT -fPIC -fvisibility=hidden -o ../../Bin/Intermediate/Arm-Release/libOpenNI2.so/OniDataRecords.o OniDataRecords.cpp
g++ -MD -MP -MT "./../../Bin/Intermediate/Arm-Release/libOpenNI2.so/OniRecorder.d ../../Bin/Intermediate/Arm-Release/libOpenNI2.so/OniRecorder.o" -c -march=armv7-a -mtune=cortex-a9 -mfpu=neon -mfloat-abi=softfp  -O3 -fno-tree-pre -fno-strict-aliasing -ftree-vectorize -ffast-math -funsafe-math-optimizations  -flax-vector-conversions -Wall -O2 -DNDEBUG -I../../Include -I../../ThirdParty/PSCommon/XnLib/Include -I../Drivers/OniFile/Formats -I../../ThirdParty/LibJPEG -DXN_NEON -DOPENNI2_EXPORT -fPIC -fvisibility=hidden -o ../../Bin/Intermediate/Arm-Release/libOpenNI2.so/OniRecorder.o OniRecorder.cpp
g++ -MD -MP -MT "./../../Bin/Intermediate/Arm-Release/libOpenNI2.so/OniDevice.d ../../Bin/Intermediate/Arm-Release/libOpenNI2.so/OniDevice.o" -c -march=armv7-a -mtune=cortex-a9 -mfpu=neon -mfloat-abi=softfp  -O3 -fno-tree-pre -fno-strict-aliasing -ftree-vectorize -ffast-math -funsafe-math-optimizations  -flax-vector-conversions -Wall -O2 -DNDEBUG -I../../Include -I../../ThirdParty/PSCommon/XnLib/Include -I../Drivers/OniFile/Formats -I../../ThirdParty/LibJPEG -DXN_NEON -DOPENNI2_EXPORT -fPIC -fvisibility=hidden -o ../../Bin/Intermediate/Arm-Release/libOpenNI2.so/OniDevice.o OniDevice.cpp
g++ -MD -MP -MT "./../../Bin/Intermediate/Arm-Release/libOpenNI2.so/OniDeviceDriver.d ../../Bin/Intermediate/Arm-Release/libOpenNI2.so/OniDeviceDriver.o" -c -march=armv7-a -mtune=cortex-a9 -mfpu=neon -mfloat-abi=softfp  -O3 -fno-tree-pre -fno-strict-aliasing -ftree-vectorize -ffast-math -funsafe-math-optimizations  -flax-vector-conversions -Wall -O2 -DNDEBUG -I../../Include -I../../ThirdParty/PSCommon/XnLib/Include -I../Drivers/OniFile/Formats -I../../ThirdParty/LibJPEG -DXN_NEON -DOPENNI2_EXPORT -fPIC -fvisibility=hidden -o ../../Bin/Intermediate/Arm-Release/libOpenNI2.so/OniDeviceDriver.o OniDeviceDriver.cpp
g++ -MD -MP -MT "./../../Bin/Intermediate/Arm-Release/libOpenNI2.so/OniSensor.d ../../Bin/Intermediate/Arm-Release/libOpenNI2.so/OniSensor.o" -c -march=armv7-a -mtune=cortex-a9 -mfpu=neon -mfloat-abi=softfp  -O3 -fno-tree-pre -fno-strict-aliasing -ftree-vectorize -ffast-math -funsafe-math-optimizations  -flax-vector-conversions -Wall -O2 -DNDEBUG -I../../Include -I../../ThirdParty/PSCommon/XnLib/Include -I../Drivers/OniFile/Formats -I../../ThirdParty/LibJPEG -DXN_NEON -DOPENNI2_EXPORT -fPIC -fvisibility=hidden -o ../../Bin/Intermediate/Arm-Release/libOpenNI2.so/OniSensor.o OniSensor.cpp
g++ -MD -MP -MT "./../../Bin/Intermediate/Arm-Release/libOpenNI2.so/OniStream.d ../../Bin/Intermediate/Arm-Release/libOpenNI2.so/OniStream.o" -c -march=armv7-a -mtune=cortex-a9 -mfpu=neon -mfloat-abi=softfp  -O3 -fno-tree-pre -fno-strict-aliasing -ftree-vectorize -ffast-math -funsafe-math-optimizations  -flax-vector-conversions -Wall -O2 -DNDEBUG -I../../Include -I../../ThirdParty/PSCommon/XnLib/Include -I../Drivers/OniFile/Formats -I../../ThirdParty/LibJPEG -DXN_NEON -DOPENNI2_EXPORT -fPIC -fvisibility=hidden -o ../../Bin/Intermediate/Arm-Release/libOpenNI2.so/OniStream.o OniStream.cpp
g++ -MD -MP -MT "./../../Bin/Intermediate/Arm-Release/libOpenNI2.so/OpenNI.d ../../Bin/Intermediate/Arm-Release/libOpenNI2.so/OpenNI.o" -c -march=armv7-a -mtune=cortex-a9 -mfpu=neon -mfloat-abi=softfp  -O3 -fno-tree-pre -fno-strict-aliasing -ftree-vectorize -ffast-math -funsafe-math-optimizations  -flax-vector-conversions -Wall -O2 -DNDEBUG -I../../Include -I../../ThirdParty/PSCommon/XnLib/Include -I../Drivers/OniFile/Formats -I../../ThirdParty/LibJPEG -DXN_NEON -DOPENNI2_EXPORT -fPIC -fvisibility=hidden -o ../../Bin/Intermediate/Arm-Release/libOpenNI2.so/OpenNI.o OpenNI.cpp
g++ -MD -MP -MT "./../../Bin/Intermediate/Arm-Release/libOpenNI2.so/XnCodec.d ../../Bin/Intermediate/Arm-Release/libOpenNI2.so/XnCodec.o" -c -march=armv7-a -mtune=cortex-a9 -mfpu=neon -mfloat-abi=softfp  -O3 -fno-tree-pre -fno-strict-aliasing -ftree-vectorize -ffast-math -funsafe-math-optimizations  -flax-vector-conversions -Wall -O2 -DNDEBUG -I../../Include -I../../ThirdParty/PSCommon/XnLib/Include -I../Drivers/OniFile/Formats -I../../ThirdParty/LibJPEG -DXN_NEON -DOPENNI2_EXPORT -fPIC -fvisibility=hidden -o ../../Bin/Intermediate/Arm-Release/libOpenNI2.so/XnCodec.o ../Drivers/OniFile/Formats/XnCodec.cpp
g++ -MD -MP -MT "./../../Bin/Intermediate/Arm-Release/libOpenNI2.so/XnStreamCompression.d ../../Bin/Intermediate/Arm-Release/libOpenNI2.so/XnStreamCompression.o" -c -march=armv7-a -mtune=cortex-a9 -mfpu=neon -mfloat-abi=softfp  -O3 -fno-tree-pre -fno-strict-aliasing -ftree-vectorize -ffast-math -funsafe-math-optimizations  -flax-vector-conversions -Wall -O2 -DNDEBUG -I../../Include -I../../ThirdParty/PSCommon/XnLib/Include -I../Drivers/OniFile/Formats -I../../ThirdParty/LibJPEG -DXN_NEON -DOPENNI2_EXPORT -fPIC -fvisibility=hidden -o ../../Bin/Intermediate/Arm-Release/libOpenNI2.so/XnStreamCompression.o ../Drivers/OniFile/Formats/XnStreamCompression.cpp
g++ -MD -MP -MT "./../../Bin/Intermediate/Arm-Release/libOpenNI2.so/jcdctmgr.d ../../Bin/Intermediate/Arm-Release/libOpenNI2.so/jcdctmgr.o" -c -march=armv7-a -mtune=cortex-a9 -mfpu=neon -mfloat-abi=softfp  -O3 -fno-tree-pre -fno-strict-aliasing -ftree-vectorize -ffast-math -funsafe-math-optimizations  -flax-vector-conversions -Wall -O2 -DNDEBUG -I../../Include -I../../ThirdParty/PSCommon/XnLib/Include -I../Drivers/OniFile/Formats -I../../ThirdParty/LibJPEG -DXN_NEON -DOPENNI2_EXPORT -fPIC -fvisibility=hidden -o ../../Bin/Intermediate/Arm-Release/libOpenNI2.so/jcdctmgr.o ../../ThirdParty/LibJPEG/jcdctmgr.c
g++ -MD -MP -MT "./../../Bin/Intermediate/Arm-Release/libOpenNI2.so/jmemnobs.d ../../Bin/Intermediate/Arm-Release/libOpenNI2.so/jmemnobs.o" -c -march=armv7-a -mtune=cortex-a9 -mfpu=neon -mfloat-abi=softfp  -O3 -fno-tree-pre -fno-strict-aliasing -ftree-vectorize -ffast-math -funsafe-math-optimizations  -flax-vector-conversions -Wall -O2 -DNDEBUG -I../../Include -I../../ThirdParty/PSCommon/XnLib/Include -I../Drivers/OniFile/Formats -I../../ThirdParty/LibJPEG -DXN_NEON -DOPENNI2_EXPORT -fPIC -fvisibility=hidden -o ../../Bin/Intermediate/Arm-Release/libOpenNI2.so/jmemnobs.o ../../ThirdParty/LibJPEG/jmemnobs.c
g++ -MD -MP -MT "./../../Bin/Intermediate/Arm-Release/libOpenNI2.so/jidctred.d ../../Bin/Intermediate/Arm-Release/libOpenNI2.so/jidctred.o" -c -march=armv7-a -mtune=cortex-a9 -mfpu=neon -mfloat-abi=softfp  -O3 -fno-tree-pre -fno-strict-aliasing -ftree-vectorize -ffast-math -funsafe-math-optimizations  -flax-vector-conversions -Wall -O2 -DNDEBUG -I../../Include -I../../ThirdParty/PSCommon/XnLib/Include -I../Drivers/OniFile/Formats -I../../ThirdParty/LibJPEG -DXN_NEON -DOPENNI2_EXPORT -fPIC -fvisibility=hidden -o ../../Bin/Intermediate/Arm-Release/libOpenNI2.so/jidctred.o ../../ThirdParty/LibJPEG/jidctred.c
g++ -MD -MP -MT "./../../Bin/Intermediate/Arm-Release/libOpenNI2.so/jquant1.d ../../Bin/Intermediate/Arm-Release/libOpenNI2.so/jquant1.o" -c -march=armv7-a -mtune=cortex-a9 -mfpu=neon -mfloat-abi=softfp  -O3 -fno-tree-pre -fno-strict-aliasing -ftree-vectorize -ffast-math -funsafe-math-optimizations  -flax-vector-conversions -Wall -O2 -DNDEBUG -I../../Include -I../../ThirdParty/PSCommon/XnLib/Include -I../Drivers/OniFile/Formats -I../../ThirdParty/LibJPEG -DXN_NEON -DOPENNI2_EXPORT -fPIC -fvisibility=hidden -o ../../Bin/Intermediate/Arm-Release/libOpenNI2.so/jquant1.o ../../ThirdParty/LibJPEG/jquant1.c
g++ -MD -MP -MT "./../../Bin/Intermediate/Arm-Release/libOpenNI2.so/jccolor.d ../../Bin/Intermediate/Arm-Release/libOpenNI2.so/jccolor.o" -c -march=armv7-a -mtune=cortex-a9 -mfpu=neon -mfloat-abi=softfp  -O3 -fno-tree-pre -fno-strict-aliasing -ftree-vectorize -ffast-math -funsafe-math-optimizations  -flax-vector-conversions -Wall -O2 -DNDEBUG -I../../Include -I../../ThirdParty/PSCommon/XnLib/Include -I../Drivers/OniFile/Formats -I../../ThirdParty/LibJPEG -DXN_NEON -DOPENNI2_EXPORT -fPIC -fvisibility=hidden -o ../../Bin/Intermediate/Arm-Release/libOpenNI2.so/jccolor.o ../../ThirdParty/LibJPEG/jccolor.c
g++ -MD -MP -MT "./../../Bin/Intermediate/Arm-Release/libOpenNI2.so/jcmarker.d ../../Bin/Intermediate/Arm-Release/libOpenNI2.so/jcmarker.o" -c -march=armv7-a -mtune=cortex-a9 -mfpu=neon -mfloat-abi=softfp  -O3 -fno-tree-pre -fno-strict-aliasing -ftree-vectorize -ffast-math -funsafe-math-optimizations  -flax-vector-conversions -Wall -O2 -DNDEBUG -I../../Include -I../../ThirdParty/PSCommon/XnLib/Include -I../Drivers/OniFile/Formats -I../../ThirdParty/LibJPEG -DXN_NEON -DOPENNI2_EXPORT -fPIC -fvisibility=hidden -o ../../Bin/Intermediate/Arm-Release/libOpenNI2.so/jcmarker.o ../../ThirdParty/LibJPEG/jcmarker.c
g++ -MD -MP -MT "./../../Bin/Intermediate/Arm-Release/libOpenNI2.so/jidctflt.d ../../Bin/Intermediate/Arm-Release/libOpenNI2.so/jidctflt.o" -c -march=armv7-a -mtune=cortex-a9 -mfpu=neon -mfloat-abi=softfp  -O3 -fno-tree-pre -fno-strict-aliasing -ftree-vectorize -ffast-math -funsafe-math-optimizations  -flax-vector-conversions -Wall -O2 -DNDEBUG -I../../Include -I../../ThirdParty/PSCommon/XnLib/Include -I../Drivers/OniFile/Formats -I../../ThirdParty/LibJPEG -DXN_NEON -DOPENNI2_EXPORT -fPIC -fvisibility=hidden -o ../../Bin/Intermediate/Arm-Release/libOpenNI2.so/jidctflt.o ../../ThirdParty/LibJPEG/jidctflt.c
g++ -MD -MP -MT "./../../Bin/Intermediate/Arm-Release/libOpenNI2.so/jfdctint.d ../../Bin/Intermediate/Arm-Release/libOpenNI2.so/jfdctint.o" -c -march=armv7-a -mtune=cortex-a9 -mfpu=neon -mfloat-abi=softfp  -O3 -fno-tree-pre -fno-strict-aliasing -ftree-vectorize -ffast-math -funsafe-math-optimizations  -flax-vector-conversions -Wall -O2 -DNDEBUG -I../../Include -I../../ThirdParty/PSCommon/XnLib/Include -I../Drivers/OniFile/Formats -I../../ThirdParty/LibJPEG -DXN_NEON -DOPENNI2_EXPORT -fPIC -fvisibility=hidden -o ../../Bin/Intermediate/Arm-Release/libOpenNI2.so/jfdctint.o ../../ThirdParty/LibJPEG/jfdctint.c
g++ -MD -MP -MT "./../../Bin/Intermediate/Arm-Release/libOpenNI2.so/jdmainct.d ../../Bin/Intermediate/Arm-Release/libOpenNI2.so/jdmainct.o" -c -march=armv7-a -mtune=cortex-a9 -mfpu=neon -mfloat-abi=softfp  -O3 -fno-tree-pre -fno-strict-aliasing -ftree-vectorize -ffast-math -funsafe-math-optimizations  -flax-vector-conversions -Wall -O2 -DNDEBUG -I../../Include -I../../ThirdParty/PSCommon/XnLib/Include -I../Drivers/OniFile/Formats -I../../ThirdParty/LibJPEG -DXN_NEON -DOPENNI2_EXPORT -fPIC -fvisibility=hidden -o ../../Bin/Intermediate/Arm-Release/libOpenNI2.so/jdmainct.o ../../ThirdParty/LibJPEG/jdmainct.c
g++ -MD -MP -MT "./../../Bin/Intermediate/Arm-Release/libOpenNI2.so/jdsample.d ../../Bin/Intermediate/Arm-Release/libOpenNI2.so/jdsample.o" -c -march=armv7-a -mtune=cortex-a9 -mfpu=neon -mfloat-abi=softfp  -O3 -fno-tree-pre -fno-strict-aliasing -ftree-vectorize -ffast-math -funsafe-math-optimizations  -flax-vector-conversions -Wall -O2 -DNDEBUG -I../../Include -I../../ThirdParty/PSCommon/XnLib/Include -I../Drivers/OniFile/Formats -I../../ThirdParty/LibJPEG -DXN_NEON -DOPENNI2_EXPORT -fPIC -fvisibility=hidden -o ../../Bin/Intermediate/Arm-Release/libOpenNI2.so/jdsample.o ../../ThirdParty/LibJPEG/jdsample.c
g++ -MD -MP -MT "./../../Bin/Intermediate/Arm-Release/libOpenNI2.so/jctrans.d ../../Bin/Intermediate/Arm-Release/libOpenNI2.so/jctrans.o" -c -march=armv7-a -mtune=cortex-a9 -mfpu=neon -mfloat-abi=softfp  -O3 -fno-tree-pre -fno-strict-aliasing -ftree-vectorize -ffast-math -funsafe-math-optimizations  -flax-vector-conversions -Wall -O2 -DNDEBUG -I../../Include -I../../ThirdParty/PSCommon/XnLib/Include -I../Drivers/OniFile/Formats -I../../ThirdParty/LibJPEG -DXN_NEON -DOPENNI2_EXPORT -fPIC -fvisibility=hidden -o ../../Bin/Intermediate/Arm-Release/libOpenNI2.so/jctrans.o ../../ThirdParty/LibJPEG/jctrans.c
g++ -MD -MP -MT "./../../Bin/Intermediate/Arm-Release/libOpenNI2.so/jchuff.d ../../Bin/Intermediate/Arm-Release/libOpenNI2.so/jchuff.o" -c -march=armv7-a -mtune=cortex-a9 -mfpu=neon -mfloat-abi=softfp  -O3 -fno-tree-pre -fno-strict-aliasing -ftree-vectorize -ffast-math -funsafe-math-optimizations  -flax-vector-conversions -Wall -O2 -DNDEBUG -I../../Include -I../../ThirdParty/PSCommon/XnLib/Include -I../Drivers/OniFile/Formats -I../../ThirdParty/LibJPEG -DXN_NEON -DOPENNI2_EXPORT -fPIC -fvisibility=hidden -o ../../Bin/Intermediate/Arm-Release/libOpenNI2.so/jchuff.o ../../ThirdParty/LibJPEG/jchuff.c
g++ -MD -MP -MT "./../../Bin/Intermediate/Arm-Release/libOpenNI2.so/jquant2.d ../../Bin/Intermediate/Arm-Release/libOpenNI2.so/jquant2.o" -c -march=armv7-a -mtune=cortex-a9 -mfpu=neon -mfloat-abi=softfp  -O3 -fno-tree-pre -fno-strict-aliasing -ftree-vectorize -ffast-math -funsafe-math-optimizations  -flax-vector-conversions -Wall -O2 -DNDEBUG -I../../Include -I../../ThirdParty/PSCommon/XnLib/Include -I../Drivers/OniFile/Formats -I../../ThirdParty/LibJPEG -DXN_NEON -DOPENNI2_EXPORT -fPIC -fvisibility=hidden -o ../../Bin/Intermediate/Arm-Release/libOpenNI2.so/jquant2.o ../../ThirdParty/LibJPEG/jquant2.c
g++ -MD -MP -MT "./../../Bin/Intermediate/Arm-Release/libOpenNI2.so/jdtrans.d ../../Bin/Intermediate/Arm-Release/libOpenNI2.so/jdtrans.o" -c -march=armv7-a -mtune=cortex-a9 -mfpu=neon -mfloat-abi=softfp  -O3 -fno-tree-pre -fno-strict-aliasing -ftree-vectorize -ffast-math -funsafe-math-optimizations  -flax-vector-conversions -Wall -O2 -DNDEBUG -I../../Include -I../../ThirdParty/PSCommon/XnLib/Include -I../Drivers/OniFile/Formats -I../../ThirdParty/LibJPEG -DXN_NEON -DOPENNI2_EXPORT -fPIC -fvisibility=hidden -o ../../Bin/Intermediate/Arm-Release/libOpenNI2.so/jdtrans.o ../../ThirdParty/LibJPEG/jdtrans.c
g++ -MD -MP -MT "./../../Bin/Intermediate/Arm-Release/libOpenNI2.so/jdapistd.d ../../Bin/Intermediate/Arm-Release/libOpenNI2.so/jdapistd.o" -c -march=armv7-a -mtune=cortex-a9 -mfpu=neon -mfloat-abi=softfp  -O3 -fno-tree-pre -fno-strict-aliasing -ftree-vectorize -ffast-math -funsafe-math-optimizations  -flax-vector-conversions -Wall -O2 -DNDEBUG -I../../Include -I../../ThirdParty/PSCommon/XnLib/Include -I../Drivers/OniFile/Formats -I../../ThirdParty/LibJPEG -DXN_NEON -DOPENNI2_EXPORT -fPIC -fvisibility=hidden -o ../../Bin/Intermediate/Arm-Release/libOpenNI2.so/jdapistd.o ../../ThirdParty/LibJPEG/jdapistd.c
g++ -MD -MP -MT "./../../Bin/Intermediate/Arm-Release/libOpenNI2.so/jdcolor.d ../../Bin/Intermediate/Arm-Release/libOpenNI2.so/jdcolor.o" -c -march=armv7-a -mtune=cortex-a9 -mfpu=neon -mfloat-abi=softfp  -O3 -fno-tree-pre -fno-strict-aliasing -ftree-vectorize -ffast-math -funsafe-math-optimizations  -flax-vector-conversions -Wall -O2 -DNDEBUG -I../../Include -I../../ThirdParty/PSCommon/XnLib/Include -I../Drivers/OniFile/Formats -I../../ThirdParty/LibJPEG -DXN_NEON -DOPENNI2_EXPORT -fPIC -fvisibility=hidden -o ../../Bin/Intermediate/Arm-Release/libOpenNI2.so/jdcolor.o ../../ThirdParty/LibJPEG/jdcolor.c
g++ -MD -MP -MT "./../../Bin/Intermediate/Arm-Release/libOpenNI2.so/jcparam.d ../../Bin/Intermediate/Arm-Release/libOpenNI2.so/jcparam.o" -c -march=armv7-a -mtune=cortex-a9 -mfpu=neon -mfloat-abi=softfp  -O3 -fno-tree-pre -fno-strict-aliasing -ftree-vectorize -ffast-math -funsafe-math-optimizations  -flax-vector-conversions -Wall -O2 -DNDEBUG -I../../Include -I../../ThirdParty/PSCommon/XnLib/Include -I../Drivers/OniFile/Formats -I../../ThirdParty/LibJPEG -DXN_NEON -DOPENNI2_EXPORT -fPIC -fvisibility=hidden -o ../../Bin/Intermediate/Arm-Release/libOpenNI2.so/jcparam.o ../../ThirdParty/LibJPEG/jcparam.c
g++ -MD -MP -MT "./../../Bin/Intermediate/Arm-Release/libOpenNI2.so/jdhuff.d ../../Bin/Intermediate/Arm-Release/libOpenNI2.so/jdhuff.o" -c -march=armv7-a -mtune=cortex-a9 -mfpu=neon -mfloat-abi=softfp  -O3 -fno-tree-pre -fno-strict-aliasing -ftree-vectorize -ffast-math -funsafe-math-optimizations  -flax-vector-conversions -Wall -O2 -DNDEBUG -I../../Include -I../../ThirdParty/PSCommon/XnLib/Include -I../Drivers/OniFile/Formats -I../../ThirdParty/LibJPEG -DXN_NEON -DOPENNI2_EXPORT -fPIC -fvisibility=hidden -o ../../Bin/Intermediate/Arm-Release/libOpenNI2.so/jdhuff.o ../../ThirdParty/LibJPEG/jdhuff.c
g++ -MD -MP -MT "./../../Bin/Intermediate/Arm-Release/libOpenNI2.so/jcmaster.d ../../Bin/Intermediate/Arm-Release/libOpenNI2.so/jcmaster.o" -c -march=armv7-a -mtune=cortex-a9 -mfpu=neon -mfloat-abi=softfp  -O3 -fno-tree-pre -fno-strict-aliasing -ftree-vectorize -ffast-math -funsafe-math-optimizations  -flax-vector-conversions -Wall -O2 -DNDEBUG -I../../Include -I../../ThirdParty/PSCommon/XnLib/Include -I../Drivers/OniFile/Formats -I../../ThirdParty/LibJPEG -DXN_NEON -DOPENNI2_EXPORT -fPIC -fvisibility=hidden -o ../../Bin/Intermediate/Arm-Release/libOpenNI2.so/jcmaster.o ../../ThirdParty/LibJPEG/jcmaster.c
g++ -MD -MP -MT "./../../Bin/Intermediate/Arm-Release/libOpenNI2.so/jcphuff.d ../../Bin/Intermediate/Arm-Release/libOpenNI2.so/jcphuff.o" -c -march=armv7-a -mtune=cortex-a9 -mfpu=neon -mfloat-abi=softfp  -O3 -fno-tree-pre -fno-strict-aliasing -ftree-vectorize -ffast-math -funsafe-math-optimizations  -flax-vector-conversions -Wall -O2 -DNDEBUG -I../../Include -I../../ThirdParty/PSCommon/XnLib/Include -I../Drivers/OniFile/Formats -I../../ThirdParty/LibJPEG -DXN_NEON -DOPENNI2_EXPORT -fPIC -fvisibility=hidden -o ../../Bin/Intermediate/Arm-Release/libOpenNI2.so/jcphuff.o ../../ThirdParty/LibJPEG/jcphuff.c
g++ -MD -MP -MT "./../../Bin/Intermediate/Arm-Release/libOpenNI2.so/jdmarker.d ../../Bin/Intermediate/Arm-Release/libOpenNI2.so/jdmarker.o" -c -march=armv7-a -mtune=cortex-a9 -mfpu=neon -mfloat-abi=softfp  -O3 -fno-tree-pre -fno-strict-aliasing -ftree-vectorize -ffast-math -funsafe-math-optimizations  -flax-vector-conversions -Wall -O2 -DNDEBUG -I../../Include -I../../ThirdParty/PSCommon/XnLib/Include -I../Drivers/OniFile/Formats -I../../ThirdParty/LibJPEG -DXN_NEON -DOPENNI2_EXPORT -fPIC -fvisibility=hidden -o ../../Bin/Intermediate/Arm-Release/libOpenNI2.so/jdmarker.o ../../ThirdParty/LibJPEG/jdmarker.c
g++ -MD -MP -MT "./../../Bin/Intermediate/Arm-Release/libOpenNI2.so/jfdctflt.d ../../Bin/Intermediate/Arm-Release/libOpenNI2.so/jfdctflt.o" -c -march=armv7-a -mtune=cortex-a9 -mfpu=neon -mfloat-abi=softfp  -O3 -fno-tree-pre -fno-strict-aliasing -ftree-vectorize -ffast-math -funsafe-math-optimizations  -flax-vector-conversions -Wall -O2 -DNDEBUG -I../../Include -I../../ThirdParty/PSCommon/XnLib/Include -I../Drivers/OniFile/Formats -I../../ThirdParty/LibJPEG -DXN_NEON -DOPENNI2_EXPORT -fPIC -fvisibility=hidden -o ../../Bin/Intermediate/Arm-Release/libOpenNI2.so/jfdctflt.o ../../ThirdParty/LibJPEG/jfdctflt.c
g++ -MD -MP -MT "./../../Bin/Intermediate/Arm-Release/libOpenNI2.so/jutils.d ../../Bin/Intermediate/Arm-Release/libOpenNI2.so/jutils.o" -c -march=armv7-a -mtune=cortex-a9 -mfpu=neon -mfloat-abi=softfp  -O3 -fno-tree-pre -fno-strict-aliasing -ftree-vectorize -ffast-math -funsafe-math-optimizations  -flax-vector-conversions -Wall -O2 -DNDEBUG -I../../Include -I../../ThirdParty/PSCommon/XnLib/Include -I../Drivers/OniFile/Formats -I../../ThirdParty/LibJPEG -DXN_NEON -DOPENNI2_EXPORT -fPIC -fvisibility=hidden -o ../../Bin/Intermediate/Arm-Release/libOpenNI2.so/jutils.o ../../ThirdParty/LibJPEG/jutils.c
g++ -MD -MP -MT "./../../Bin/Intermediate/Arm-Release/libOpenNI2.so/jcomapi.d ../../Bin/Intermediate/Arm-Release/libOpenNI2.so/jcomapi.o" -c -march=armv7-a -mtune=cortex-a9 -mfpu=neon -mfloat-abi=softfp  -O3 -fno-tree-pre -fno-strict-aliasing -ftree-vectorize -ffast-math -funsafe-math-optimizations  -flax-vector-conversions -Wall -O2 -DNDEBUG -I../../Include -I../../ThirdParty/PSCommon/XnLib/Include -I../Drivers/OniFile/Formats -I../../ThirdParty/LibJPEG -DXN_NEON -DOPENNI2_EXPORT -fPIC -fvisibility=hidden -o ../../Bin/Intermediate/Arm-Release/libOpenNI2.so/jcomapi.o ../../ThirdParty/LibJPEG/jcomapi.c
g++ -MD -MP -MT "./../../Bin/Intermediate/Arm-Release/libOpenNI2.so/jdpostct.d ../../Bin/Intermediate/Arm-Release/libOpenNI2.so/jdpostct.o" -c -march=armv7-a -mtune=cortex-a9 -mfpu=neon -mfloat-abi=softfp  -O3 -fno-tree-pre -fno-strict-aliasing -ftree-vectorize -ffast-math -funsafe-math-optimizations  -flax-vector-conversions -Wall -O2 -DNDEBUG -I../../Include -I../../ThirdParty/PSCommon/XnLib/Include -I../Drivers/OniFile/Formats -I../../ThirdParty/LibJPEG -DXN_NEON -DOPENNI2_EXPORT -fPIC -fvisibility=hidden -o ../../Bin/Intermediate/Arm-Release/libOpenNI2.so/jdpostct.o ../../ThirdParty/LibJPEG/jdpostct.c
g++ -MD -MP -MT "./../../Bin/Intermediate/Arm-Release/libOpenNI2.so/jccoefct.d ../../Bin/Intermediate/Arm-Release/libOpenNI2.so/jccoefct.o" -c -march=armv7-a -mtune=cortex-a9 -mfpu=neon -mfloat-abi=softfp  -O3 -fno-tree-pre -fno-strict-aliasing -ftree-vectorize -ffast-math -funsafe-math-optimizations  -flax-vector-conversions -Wall -O2 -DNDEBUG -I../../Include -I../../ThirdParty/PSCommon/XnLib/Include -I../Drivers/OniFile/Formats -I../../ThirdParty/LibJPEG -DXN_NEON -DOPENNI2_EXPORT -fPIC -fvisibility=hidden -o ../../Bin/Intermediate/Arm-Release/libOpenNI2.so/jccoefct.o ../../ThirdParty/LibJPEG/jccoefct.c
g++ -MD -MP -MT "./../../Bin/Intermediate/Arm-Release/libOpenNI2.so/jcinit.d ../../Bin/Intermediate/Arm-Release/libOpenNI2.so/jcinit.o" -c -march=armv7-a -mtune=cortex-a9 -mfpu=neon -mfloat-abi=softfp  -O3 -fno-tree-pre -fno-strict-aliasing -ftree-vectorize -ffast-math -funsafe-math-optimizations  -flax-vector-conversions -Wall -O2 -DNDEBUG -I../../Include -I../../ThirdParty/PSCommon/XnLib/Include -I../Drivers/OniFile/Formats -I../../ThirdParty/LibJPEG -DXN_NEON -DOPENNI2_EXPORT -fPIC -fvisibility=hidden -o ../../Bin/Intermediate/Arm-Release/libOpenNI2.so/jcinit.o ../../ThirdParty/LibJPEG/jcinit.c
g++ -MD -MP -MT "./../../Bin/Intermediate/Arm-Release/libOpenNI2.so/jdinput.d ../../Bin/Intermediate/Arm-Release/libOpenNI2.so/jdinput.o" -c -march=armv7-a -mtune=cortex-a9 -mfpu=neon -mfloat-abi=softfp  -O3 -fno-tree-pre -fno-strict-aliasing -ftree-vectorize -ffast-math -funsafe-math-optimizations  -flax-vector-conversions -Wall -O2 -DNDEBUG -I../../Include -I../../ThirdParty/PSCommon/XnLib/Include -I../Drivers/OniFile/Formats -I../../ThirdParty/LibJPEG -DXN_NEON -DOPENNI2_EXPORT -fPIC -fvisibility=hidden -o ../../Bin/Intermediate/Arm-Release/libOpenNI2.so/jdinput.o ../../ThirdParty/LibJPEG/jdinput.c
g++ -MD -MP -MT "./../../Bin/Intermediate/Arm-Release/libOpenNI2.so/jcapimin.d ../../Bin/Intermediate/Arm-Release/libOpenNI2.so/jcapimin.o" -c -march=armv7-a -mtune=cortex-a9 -mfpu=neon -mfloat-abi=softfp  -O3 -fno-tree-pre -fno-strict-aliasing -ftree-vectorize -ffast-math -funsafe-math-optimizations  -flax-vector-conversions -Wall -O2 -DNDEBUG -I../../Include -I../../ThirdParty/PSCommon/XnLib/Include -I../Drivers/OniFile/Formats -I../../ThirdParty/LibJPEG -DXN_NEON -DOPENNI2_EXPORT -fPIC -fvisibility=hidden -o ../../Bin/Intermediate/Arm-Release/libOpenNI2.so/jcapimin.o ../../ThirdParty/LibJPEG/jcapimin.c
g++ -MD -MP -MT "./../../Bin/Intermediate/Arm-Release/libOpenNI2.so/jerror.d ../../Bin/Intermediate/Arm-Release/libOpenNI2.so/jerror.o" -c -march=armv7-a -mtune=cortex-a9 -mfpu=neon -mfloat-abi=softfp  -O3 -fno-tree-pre -fno-strict-aliasing -ftree-vectorize -ffast-math -funsafe-math-optimizations  -flax-vector-conversions -Wall -O2 -DNDEBUG -I../../Include -I../../ThirdParty/PSCommon/XnLib/Include -I../Drivers/OniFile/Formats -I../../ThirdParty/LibJPEG -DXN_NEON -DOPENNI2_EXPORT -fPIC -fvisibility=hidden -o ../../Bin/Intermediate/Arm-Release/libOpenNI2.so/jerror.o ../../ThirdParty/LibJPEG/jerror.c
g++ -MD -MP -MT "./../../Bin/Intermediate/Arm-Release/libOpenNI2.so/jfdctfst.d ../../Bin/Intermediate/Arm-Release/libOpenNI2.so/jfdctfst.o" -c -march=armv7-a -mtune=cortex-a9 -mfpu=neon -mfloat-abi=softfp  -O3 -fno-tree-pre -fno-strict-aliasing -ftree-vectorize -ffast-math -funsafe-math-optimizations  -flax-vector-conversions -Wall -O2 -DNDEBUG -I../../Include -I../../ThirdParty/PSCommon/XnLib/Include -I../Drivers/OniFile/Formats -I../../ThirdParty/LibJPEG -DXN_NEON -DOPENNI2_EXPORT -fPIC -fvisibility=hidden -o ../../Bin/Intermediate/Arm-Release/libOpenNI2.so/jfdctfst.o ../../ThirdParty/LibJPEG/jfdctfst.c
g++ -MD -MP -MT "./../../Bin/Intermediate/Arm-Release/libOpenNI2.so/jdatadst.d ../../Bin/Intermediate/Arm-Release/libOpenNI2.so/jdatadst.o" -c -march=armv7-a -mtune=cortex-a9 -mfpu=neon -mfloat-abi=softfp  -O3 -fno-tree-pre -fno-strict-aliasing -ftree-vectorize -ffast-math -funsafe-math-optimizations  -flax-vector-conversions -Wall -O2 -DNDEBUG -I../../Include -I../../ThirdParty/PSCommon/XnLib/Include -I../Drivers/OniFile/Formats -I../../ThirdParty/LibJPEG -DXN_NEON -DOPENNI2_EXPORT -fPIC -fvisibility=hidden -o ../../Bin/Intermediate/Arm-Release/libOpenNI2.so/jdatadst.o ../../ThirdParty/LibJPEG/jdatadst.c
g++ -MD -MP -MT "./../../Bin/Intermediate/Arm-Release/libOpenNI2.so/jidctint.d ../../Bin/Intermediate/Arm-Release/libOpenNI2.so/jidctint.o" -c -march=armv7-a -mtune=cortex-a9 -mfpu=neon -mfloat-abi=softfp  -O3 -fno-tree-pre -fno-strict-aliasing -ftree-vectorize -ffast-math -funsafe-math-optimizations  -flax-vector-conversions -Wall -O2 -DNDEBUG -I../../Include -I../../ThirdParty/PSCommon/XnLib/Include -I../Drivers/OniFile/Formats -I../../ThirdParty/LibJPEG -DXN_NEON -DOPENNI2_EXPORT -fPIC -fvisibility=hidden -o ../../Bin/Intermediate/Arm-Release/libOpenNI2.so/jidctint.o ../../ThirdParty/LibJPEG/jidctint.c
g++ -MD -MP -MT "./../../Bin/Intermediate/Arm-Release/libOpenNI2.so/jddctmgr.d ../../Bin/Intermediate/Arm-Release/libOpenNI2.so/jddctmgr.o" -c -march=armv7-a -mtune=cortex-a9 -mfpu=neon -mfloat-abi=softfp  -O3 -fno-tree-pre -fno-strict-aliasing -ftree-vectorize -ffast-math -funsafe-math-optimizations  -flax-vector-conversions -Wall -O2 -DNDEBUG -I../../Include -I../../ThirdParty/PSCommon/XnLib/Include -I../Drivers/OniFile/Formats -I../../ThirdParty/LibJPEG -DXN_NEON -DOPENNI2_EXPORT -fPIC -fvisibility=hidden -o ../../Bin/Intermediate/Arm-Release/libOpenNI2.so/jddctmgr.o ../../ThirdParty/LibJPEG/jddctmgr.c
g++ -MD -MP -MT "./../../Bin/Intermediate/Arm-Release/libOpenNI2.so/jdphuff.d ../../Bin/Intermediate/Arm-Release/libOpenNI2.so/jdphuff.o" -c -march=armv7-a -mtune=cortex-a9 -mfpu=neon -mfloat-abi=softfp  -O3 -fno-tree-pre -fno-strict-aliasing -ftree-vectorize -ffast-math -funsafe-math-optimizations  -flax-vector-conversions -Wall -O2 -DNDEBUG -I../../Include -I../../ThirdParty/PSCommon/XnLib/Include -I../Drivers/OniFile/Formats -I../../ThirdParty/LibJPEG -DXN_NEON -DOPENNI2_EXPORT -fPIC -fvisibility=hidden -o ../../Bin/Intermediate/Arm-Release/libOpenNI2.so/jdphuff.o ../../ThirdParty/LibJPEG/jdphuff.c
g++ -MD -MP -MT "./../../Bin/Intermediate/Arm-Release/libOpenNI2.so/jcmainct.d ../../Bin/Intermediate/Arm-Release/libOpenNI2.so/jcmainct.o" -c -march=armv7-a -mtune=cortex-a9 -mfpu=neon -mfloat-abi=softfp  -O3 -fno-tree-pre -fno-strict-aliasing -ftree-vectorize -ffast-math -funsafe-math-optimizations  -flax-vector-conversions -Wall -O2 -DNDEBUG -I../../Include -I../../ThirdParty/PSCommon/XnLib/Include -I../Drivers/OniFile/Formats -I../../ThirdParty/LibJPEG -DXN_NEON -DOPENNI2_EXPORT -fPIC -fvisibility=hidden -o ../../Bin/Intermediate/Arm-Release/libOpenNI2.so/jcmainct.o ../../ThirdParty/LibJPEG/jcmainct.c
g++ -MD -MP -MT "./../../Bin/Intermediate/Arm-Release/libOpenNI2.so/jdapimin.d ../../Bin/Intermediate/Arm-Release/libOpenNI2.so/jdapimin.o" -c -march=armv7-a -mtune=cortex-a9 -mfpu=neon -mfloat-abi=softfp  -O3 -fno-tree-pre -fno-strict-aliasing -ftree-vectorize -ffast-math -funsafe-math-optimizations  -flax-vector-conversions -Wall -O2 -DNDEBUG -I../../Include -I../../ThirdParty/PSCommon/XnLib/Include -I../Drivers/OniFile/Formats -I../../ThirdParty/LibJPEG -DXN_NEON -DOPENNI2_EXPORT -fPIC -fvisibility=hidden -o ../../Bin/Intermediate/Arm-Release/libOpenNI2.so/jdapimin.o ../../ThirdParty/LibJPEG/jdapimin.c
g++ -MD -MP -MT "./../../Bin/Intermediate/Arm-Release/libOpenNI2.so/jcprepct.d ../../Bin/Intermediate/Arm-Release/libOpenNI2.so/jcprepct.o" -c -march=armv7-a -mtune=cortex-a9 -mfpu=neon -mfloat-abi=softfp  -O3 -fno-tree-pre -fno-strict-aliasing -ftree-vectorize -ffast-math -funsafe-math-optimizations  -flax-vector-conversions -Wall -O2 -DNDEBUG -I../../Include -I../../ThirdParty/PSCommon/XnLib/Include -I../Drivers/OniFile/Formats -I../../ThirdParty/LibJPEG -DXN_NEON -DOPENNI2_EXPORT -fPIC -fvisibility=hidden -o ../../Bin/Intermediate/Arm-Release/libOpenNI2.so/jcprepct.o ../../ThirdParty/LibJPEG/jcprepct.c
g++ -MD -MP -MT "./../../Bin/Intermediate/Arm-Release/libOpenNI2.so/jdmaster.d ../../Bin/Intermediate/Arm-Release/libOpenNI2.so/jdmaster.o" -c -march=armv7-a -mtune=cortex-a9 -mfpu=neon -mfloat-abi=softfp  -O3 -fno-tree-pre -fno-strict-aliasing -ftree-vectorize -ffast-math -funsafe-math-optimizations  -flax-vector-conversions -Wall -O2 -DNDEBUG -I../../Include -I../../ThirdParty/PSCommon/XnLib/Include -I../Drivers/OniFile/Formats -I../../ThirdParty/LibJPEG -DXN_NEON -DOPENNI2_EXPORT -fPIC -fvisibility=hidden -o ../../Bin/Intermediate/Arm-Release/libOpenNI2.so/jdmaster.o ../../ThirdParty/LibJPEG/jdmaster.c
g++ -MD -MP -MT "./../../Bin/Intermediate/Arm-Release/libOpenNI2.so/jdatasrc.d ../../Bin/Intermediate/Arm-Release/libOpenNI2.so/jdatasrc.o" -c -march=armv7-a -mtune=cortex-a9 -mfpu=neon -mfloat-abi=softfp  -O3 -fno-tree-pre -fno-strict-aliasing -ftree-vectorize -ffast-math -funsafe-math-optimizations  -flax-vector-conversions -Wall -O2 -DNDEBUG -I../../Include -I../../ThirdParty/PSCommon/XnLib/Include -I../Drivers/OniFile/Formats -I../../ThirdParty/LibJPEG -DXN_NEON -DOPENNI2_EXPORT -fPIC -fvisibility=hidden -o ../../Bin/Intermediate/Arm-Release/libOpenNI2.so/jdatasrc.o ../../ThirdParty/LibJPEG/jdatasrc.c
g++ -MD -MP -MT "./../../Bin/Intermediate/Arm-Release/libOpenNI2.so/jidctfst.d ../../Bin/Intermediate/Arm-Release/libOpenNI2.so/jidctfst.o" -c -march=armv7-a -mtune=cortex-a9 -mfpu=neon -mfloat-abi=softfp  -O3 -fno-tree-pre -fno-strict-aliasing -ftree-vectorize -ffast-math -funsafe-math-optimizations  -flax-vector-conversions -Wall -O2 -DNDEBUG -I../../Include -I../../ThirdParty/PSCommon/XnLib/Include -I../Drivers/OniFile/Formats -I../../ThirdParty/LibJPEG -DXN_NEON -DOPENNI2_EXPORT -fPIC -fvisibility=hidden -o ../../Bin/Intermediate/Arm-Release/libOpenNI2.so/jidctfst.o ../../ThirdParty/LibJPEG/jidctfst.c
g++ -MD -MP -MT "./../../Bin/Intermediate/Arm-Release/libOpenNI2.so/jdcoefct.d ../../Bin/Intermediate/Arm-Release/libOpenNI2.so/jdcoefct.o" -c -march=armv7-a -mtune=cortex-a9 -mfpu=neon -mfloat-abi=softfp  -O3 -fno-tree-pre -fno-strict-aliasing -ftree-vectorize -ffast-math -funsafe-math-optimizations  -flax-vector-conversions -Wall -O2 -DNDEBUG -I../../Include -I../../ThirdParty/PSCommon/XnLib/Include -I../Drivers/OniFile/Formats -I../../ThirdParty/LibJPEG -DXN_NEON -DOPENNI2_EXPORT -fPIC -fvisibility=hidden -o ../../Bin/Intermediate/Arm-Release/libOpenNI2.so/jdcoefct.o ../../ThirdParty/LibJPEG/jdcoefct.c
g++ -MD -MP -MT "./../../Bin/Intermediate/Arm-Release/libOpenNI2.so/jmemmgr.d ../../Bin/Intermediate/Arm-Release/libOpenNI2.so/jmemmgr.o" -c -march=armv7-a -mtune=cortex-a9 -mfpu=neon -mfloat-abi=softfp  -O3 -fno-tree-pre -fno-strict-aliasing -ftree-vectorize -ffast-math -funsafe-math-optimizations  -flax-vector-conversions -Wall -O2 -DNDEBUG -I../../Include -I../../ThirdParty/PSCommon/XnLib/Include -I../Drivers/OniFile/Formats -I../../ThirdParty/LibJPEG -DXN_NEON -DOPENNI2_EXPORT -fPIC -fvisibility=hidden -o ../../Bin/Intermediate/Arm-Release/libOpenNI2.so/jmemmgr.o ../../ThirdParty/LibJPEG/jmemmgr.c
g++ -MD -MP -MT "./../../Bin/Intermediate/Arm-Release/libOpenNI2.so/jcsample.d ../../Bin/Intermediate/Arm-Release/libOpenNI2.so/jcsample.o" -c -march=armv7-a -mtune=cortex-a9 -mfpu=neon -mfloat-abi=softfp  -O3 -fno-tree-pre -fno-strict-aliasing -ftree-vectorize -ffast-math -funsafe-math-optimizations  -flax-vector-conversions -Wall -O2 -DNDEBUG -I../../Include -I../../ThirdParty/PSCommon/XnLib/Include -I../Drivers/OniFile/Formats -I../../ThirdParty/LibJPEG -DXN_NEON -DOPENNI2_EXPORT -fPIC -fvisibility=hidden -o ../../Bin/Intermediate/Arm-Release/libOpenNI2.so/jcsample.o ../../ThirdParty/LibJPEG/jcsample.c
g++ -MD -MP -MT "./../../Bin/Intermediate/Arm-Release/libOpenNI2.so/jdmerge.d ../../Bin/Intermediate/Arm-Release/libOpenNI2.so/jdmerge.o" -c -march=armv7-a -mtune=cortex-a9 -mfpu=neon -mfloat-abi=softfp  -O3 -fno-tree-pre -fno-strict-aliasing -ftree-vectorize -ffast-math -funsafe-math-optimizations  -flax-vector-conversions -Wall -O2 -DNDEBUG -I../../Include -I../../ThirdParty/PSCommon/XnLib/Include -I../Drivers/OniFile/Formats -I../../ThirdParty/LibJPEG -DXN_NEON -DOPENNI2_EXPORT -fPIC -fvisibility=hidden -o ../../Bin/Intermediate/Arm-Release/libOpenNI2.so/jdmerge.o ../../ThirdParty/LibJPEG/jdmerge.c
g++ -MD -MP -MT "./../../Bin/Intermediate/Arm-Release/libOpenNI2.so/jcapistd.d ../../Bin/Intermediate/Arm-Release/libOpenNI2.so/jcapistd.o" -c -march=armv7-a -mtune=cortex-a9 -mfpu=neon -mfloat-abi=softfp  -O3 -fno-tree-pre -fno-strict-aliasing -ftree-vectorize -ffast-math -funsafe-math-optimizations  -flax-vector-conversions -Wall -O2 -DNDEBUG -I../../Include -I../../ThirdParty/PSCommon/XnLib/Include -I../Drivers/OniFile/Formats -I../../ThirdParty/LibJPEG -DXN_NEON -DOPENNI2_EXPORT -fPIC -fvisibility=hidden -o ../../Bin/Intermediate/Arm-Release/libOpenNI2.so/jcapistd.o ../../ThirdParty/LibJPEG/jcapistd.c
g++ -o ../../Bin/Arm-Release/libOpenNI2.so ./../../Bin/Intermediate/Arm-Release/libOpenNI2.so/OniFrameManager.o ./../../Bin/Intermediate/Arm-Release/libOpenNI2.so/OniSyncedStreamsFrameHolder.o ./../../Bin/Intermediate/Arm-Release/libOpenNI2.so/OniContext.o ./../../Bin/Intermediate/Arm-Release/libOpenNI2.so/OniDriverHandler.o ./../../Bin/Intermediate/Arm-Release/libOpenNI2.so/OniStreamFrameHolder.o ./../../Bin/Intermediate/Arm-Release/libOpenNI2.so/OniDataRecords.o ./../../Bin/Intermediate/Arm-Release/libOpenNI2.so/OniRecorder.o ./../../Bin/Intermediate/Arm-Release/libOpenNI2.so/OniDevice.o ./../../Bin/Intermediate/Arm-Release/libOpenNI2.so/OniDeviceDriver.o ./../../Bin/Intermediate/Arm-Release/libOpenNI2.so/OniSensor.o ./../../Bin/Intermediate/Arm-Release/libOpenNI2.so/OniStream.o ./../../Bin/Intermediate/Arm-Release/libOpenNI2.so/OpenNI.o ./../../Bin/Intermediate/Arm-Release/libOpenNI2.so/XnCodec.o ./../../Bin/Intermediate/Arm-Release/libOpenNI2.so/XnStreamCompression.o ./../../Bin/Intermediate/Arm-Release/libOpenNI2.so/jccolor.o ./../../Bin/Intermediate/Arm-Release/libOpenNI2.so/jfdctint.o ./../../Bin/Intermediate/Arm-Release/libOpenNI2.so/jfdctflt.o ./../../Bin/Intermediate/Arm-Release/libOpenNI2.so/jidctfst.o ./../../Bin/Intermediate/Arm-Release/libOpenNI2.so/jcparam.o ./../../Bin/Intermediate/Arm-Release/libOpenNI2.so/jfdctfst.o ./../../Bin/Intermediate/Arm-Release/libOpenNI2.so/jdmarker.o ./../../Bin/Intermediate/Arm-Release/libOpenNI2.so/jutils.o ./../../Bin/Intermediate/Arm-Release/libOpenNI2.so/jccoefct.o ./../../Bin/Intermediate/Arm-Release/libOpenNI2.so/jcinit.o ./../../Bin/Intermediate/Arm-Release/libOpenNI2.so/jidctred.o ./../../Bin/Intermediate/Arm-Release/libOpenNI2.so/jdtrans.o ./../../Bin/Intermediate/Arm-Release/libOpenNI2.so/jchuff.o ./../../Bin/Intermediate/Arm-Release/libOpenNI2.so/jcmainct.o ./../../Bin/Intermediate/Arm-Release/libOpenNI2.so/jdapimin.o ./../../Bin/Intermediate/Arm-Release/libOpenNI2.so/jcprepct.o ./../../Bin/Intermediate/Arm-Release/libOpenNI2.so/jdmaster.o ./../../Bin/Intermediate/Arm-Release/libOpenNI2.so/jdatasrc.o ./../../Bin/Intermediate/Arm-Release/libOpenNI2.so/jmemmgr.o ./../../Bin/Intermediate/Arm-Release/libOpenNI2.so/jdcolor.o ./../../Bin/Intermediate/Arm-Release/libOpenNI2.so/jdmerge.o ./../../Bin/Intermediate/Arm-Release/libOpenNI2.so/jcdctmgr.o ./../../Bin/Intermediate/Arm-Release/libOpenNI2.so/jcsample.o ./../../Bin/Intermediate/Arm-Release/libOpenNI2.so/jquant1.o ./../../Bin/Intermediate/Arm-Release/libOpenNI2.so/jctrans.o ./../../Bin/Intermediate/Arm-Release/libOpenNI2.so/jcmarker.o ./../../Bin/Intermediate/Arm-Release/libOpenNI2.so/jidctflt.o ./../../Bin/Intermediate/Arm-Release/libOpenNI2.so/jdsample.o ./../../Bin/Intermediate/Arm-Release/libOpenNI2.so/jquant2.o ./../../Bin/Intermediate/Arm-Release/libOpenNI2.so/jcomapi.o ./../../Bin/Intermediate/Arm-Release/libOpenNI2.so/jdmainct.o ./../../Bin/Intermediate/Arm-Release/libOpenNI2.so/jdapistd.o ./../../Bin/Intermediate/Arm-Release/libOpenNI2.so/jdpostct.o ./../../Bin/Intermediate/Arm-Release/libOpenNI2.so/jcapimin.o ./../../Bin/Intermediate/Arm-Release/libOpenNI2.so/jcmaster.o ./../../Bin/Intermediate/Arm-Release/libOpenNI2.so/jcphuff.o ./../../Bin/Intermediate/Arm-Release/libOpenNI2.so/jmemnobs.o ./../../Bin/Intermediate/Arm-Release/libOpenNI2.so/jddctmgr.o ./../../Bin/Intermediate/Arm-Release/libOpenNI2.so/jdhuff.o ./../../Bin/Intermediate/Arm-Release/libOpenNI2.so/jdinput.o ./../../Bin/Intermediate/Arm-Release/libOpenNI2.so/jerror.o ./../../Bin/Intermediate/Arm-Release/libOpenNI2.so/jdatadst.o ./../../Bin/Intermediate/Arm-Release/libOpenNI2.so/jidctint.o ./../../Bin/Intermediate/Arm-Release/libOpenNI2.so/jdphuff.o ./../../Bin/Intermediate/Arm-Release/libOpenNI2.so/jdcoefct.o ./../../Bin/Intermediate/Arm-Release/libOpenNI2.so/jcapistd.o -L../../ThirdParty/PSCommon/XnLib/Bin/Arm-Release -L../../Bin/Arm-Release -lXnLib -ldl -lpthread -lrt -Wl,--no-undefined -shared
/usr/bin/ld: error: ../../Bin/Arm-Release/libOpenNI2.so uses VFP register arguments, ./../../Bin/Intermediate/Arm-Release/libOpenNI2.so/OniFrameManager.o does not
/usr/bin/ld: failed to merge target specific data of file ./../../Bin/Intermediate/Arm-Release/libOpenNI2.so/OniFrameManager.o
/usr/bin/ld: error: ../../Bin/Arm-Release/libOpenNI2.so uses VFP register arguments, ./../../Bin/Intermediate/Arm-Release/libOpenNI2.so/OniSyncedStreamsFrameHolder.o does not
/usr/bin/ld: failed to merge target specific data of file ./../../Bin/Intermediate/Arm-Release/libOpenNI2.so/OniSyncedStreamsFrameHolder.o
/usr/bin/ld: error: ../../Bin/Arm-Release/libOpenNI2.so uses VFP register arguments, ./../../Bin/Intermediate/Arm-Release/libOpenNI2.so/OniContext.o does not
/usr/bin/ld: failed to merge target specific data of file ./../../Bin/Intermediate/Arm-Release/libOpenNI2.so/OniContext.o
/usr/bin/ld: error: ../../Bin/Arm-Release/libOpenNI2.so uses VFP register arguments, ./../../Bin/Intermediate/Arm-Release/libOpenNI2.so/OniDriverHandler.o does not
/usr/bin/ld: failed to merge target specific data of file ./../../Bin/Intermediate/Arm-Release/libOpenNI2.so/OniDriverHandler.o
/usr/bin/ld: error: ../../Bin/Arm-Release/libOpenNI2.so uses VFP register arguments, ./../../Bin/Intermediate/Arm-Release/libOpenNI2.so/OniStreamFrameHolder.o does not
/usr/bin/ld: failed to merge target specific data of file ./../../Bin/Intermediate/Arm-Release/libOpenNI2.so/OniStreamFrameHolder.o
/usr/bin/ld: error: ../../Bin/Arm-Release/libOpenNI2.so uses VFP register arguments, ./../../Bin/Intermediate/Arm-Release/libOpenNI2.so/OniDataRecords.o does not
/usr/bin/ld: failed to merge target specific data of file ./../../Bin/Intermediate/Arm-Release/libOpenNI2.so/OniDataRecords.o
/usr/bin/ld: error: ../../Bin/Arm-Release/libOpenNI2.so uses VFP register arguments, ./../../Bin/Intermediate/Arm-Release/libOpenNI2.so/OniRecorder.o does not
/usr/bin/ld: failed to merge target specific data of file ./../../Bin/Intermediate/Arm-Release/libOpenNI2.so/OniRecorder.o
/usr/bin/ld: error: ../../Bin/Arm-Release/libOpenNI2.so uses VFP register arguments, ./../../Bin/Intermediate/Arm-Release/libOpenNI2.so/OniDevice.o does not
/usr/bin/ld: failed to merge target specific data of file ./../../Bin/Intermediate/Arm-Release/libOpenNI2.so/OniDevice.o
/usr/bin/ld: error: ../../Bin/Arm-Release/libOpenNI2.so uses VFP register arguments, ./../../Bin/Intermediate/Arm-Release/libOpenNI2.so/OniDeviceDriver.o does not
/usr/bin/ld: failed to merge target specific data of file ./../../Bin/Intermediate/Arm-Release/libOpenNI2.so/OniDeviceDriver.o
/usr/bin/ld: error: ../../Bin/Arm-Release/libOpenNI2.so uses VFP register arguments, ./../../Bin/Intermediate/Arm-Release/libOpenNI2.so/OniSensor.o does not
/usr/bin/ld: failed to merge target specific data of file ./../../Bin/Intermediate/Arm-Release/libOpenNI2.so/OniSensor.o
/usr/bin/ld: error: ../../Bin/Arm-Release/libOpenNI2.so uses VFP register arguments, ./../../Bin/Intermediate/Arm-Release/libOpenNI2.so/OniStream.o does not
/usr/bin/ld: failed to merge target specific data of file ./../../Bin/Intermediate/Arm-Release/libOpenNI2.so/OniStream.o
/usr/bin/ld: error: ../../Bin/Arm-Release/libOpenNI2.so uses VFP register arguments, ./../../Bin/Intermediate/Arm-Release/libOpenNI2.so/OpenNI.o does not
/usr/bin/ld: failed to merge target specific data of file ./../../Bin/Intermediate/Arm-Release/libOpenNI2.so/OpenNI.o
/usr/bin/ld: error: ../../Bin/Arm-Release/libOpenNI2.so uses VFP register arguments, ./../../Bin/Intermediate/Arm-Release/libOpenNI2.so/XnCodec.o does not
/usr/bin/ld: failed to merge target specific data of file ./../../Bin/Intermediate/Arm-Release/libOpenNI2.so/XnCodec.o
/usr/bin/ld: error: ../../Bin/Arm-Release/libOpenNI2.so uses VFP register arguments, ./../../Bin/Intermediate/Arm-Release/libOpenNI2.so/XnStreamCompression.o does not
/usr/bin/ld: failed to merge target specific data of file ./../../Bin/Intermediate/Arm-Release/libOpenNI2.so/XnStreamCompression.o
/usr/bin/ld: error: ../../Bin/Arm-Release/libOpenNI2.so uses VFP register arguments, ./../../Bin/Intermediate/Arm-Release/libOpenNI2.so/jccolor.o does not
/usr/bin/ld: failed to merge target specific data of file ./../../Bin/Intermediate/Arm-Release/libOpenNI2.so/jccolor.o
/usr/bin/ld: error: ../../Bin/Arm-Release/libOpenNI2.so uses VFP register arguments, ./../../Bin/Intermediate/Arm-Release/libOpenNI2.so/jfdctint.o does not
/usr/bin/ld: failed to merge target specific data of file ./../../Bin/Intermediate/Arm-Release/libOpenNI2.so/jfdctint.o
/usr/bin/ld: error: ../../Bin/Arm-Release/libOpenNI2.so uses VFP register arguments, ./../../Bin/Intermediate/Arm-Release/libOpenNI2.so/jfdctflt.o does not
/usr/bin/ld: failed to merge target specific data of file ./../../Bin/Intermediate/Arm-Release/libOpenNI2.so/jfdctflt.o
/usr/bin/ld: error: ../../Bin/Arm-Release/libOpenNI2.so uses VFP register arguments, ./../../Bin/Intermediate/Arm-Release/libOpenNI2.so/jidctfst.o does not
/usr/bin/ld: failed to merge target specific data of file ./../../Bin/Intermediate/Arm-Release/libOpenNI2.so/jidctfst.o
/usr/bin/ld: error: ../../Bin/Arm-Release/libOpenNI2.so uses VFP register arguments, ./../../Bin/Intermediate/Arm-Release/libOpenNI2.so/jcparam.o does not
/usr/bin/ld: failed to merge target specific data of file ./../../Bin/Intermediate/Arm-Release/libOpenNI2.so/jcparam.o
/usr/bin/ld: error: ../../Bin/Arm-Release/libOpenNI2.so uses VFP register arguments, ./../../Bin/Intermediate/Arm-Release/libOpenNI2.so/jfdctfst.o does not
/usr/bin/ld: failed to merge target specific data of file ./../../Bin/Intermediate/Arm-Release/libOpenNI2.so/jfdctfst.o
/usr/bin/ld: error: ../../Bin/Arm-Release/libOpenNI2.so uses VFP register arguments, ./../../Bin/Intermediate/Arm-Release/libOpenNI2.so/jdmarker.o does not
/usr/bin/ld: failed to merge target specific data of file ./../../Bin/Intermediate/Arm-Release/libOpenNI2.so/jdmarker.o
/usr/bin/ld: error: ../../Bin/Arm-Release/libOpenNI2.so uses VFP register arguments, ./../../Bin/Intermediate/Arm-Release/libOpenNI2.so/jutils.o does not
/usr/bin/ld: failed to merge target specific data of file ./../../Bin/Intermediate/Arm-Release/libOpenNI2.so/jutils.o
/usr/bin/ld: error: ../../Bin/Arm-Release/libOpenNI2.so uses VFP register arguments, ./../../Bin/Intermediate/Arm-Release/libOpenNI2.so/jccoefct.o does not
/usr/bin/ld: failed to merge target specific data of file ./../../Bin/Intermediate/Arm-Release/libOpenNI2.so/jccoefct.o
/usr/bin/ld: error: ../../Bin/Arm-Release/libOpenNI2.so uses VFP register arguments, ./../../Bin/Intermediate/Arm-Release/libOpenNI2.so/jcinit.o does not
/usr/bin/ld: failed to merge target specific data of file ./../../Bin/Intermediate/Arm-Release/libOpenNI2.so/jcinit.o
/usr/bin/ld: error: ../../Bin/Arm-Release/libOpenNI2.so uses VFP register arguments, ./../../Bin/Intermediate/Arm-Release/libOpenNI2.so/jidctred.o does not
/usr/bin/ld: failed to merge target specific data of file ./../../Bin/Intermediate/Arm-Release/libOpenNI2.so/jidctred.o
/usr/bin/ld: error: ../../Bin/Arm-Release/libOpenNI2.so uses VFP register arguments, ./../../Bin/Intermediate/Arm-Release/libOpenNI2.so/jdtrans.o does not
/usr/bin/ld: failed to merge target specific data of file ./../../Bin/Intermediate/Arm-Release/libOpenNI2.so/jdtrans.o
/usr/bin/ld: error: ../../Bin/Arm-Release/libOpenNI2.so uses VFP register arguments, ./../../Bin/Intermediate/Arm-Release/libOpenNI2.so/jchuff.o does not
/usr/bin/ld: failed to merge target specific data of file ./../../Bin/Intermediate/Arm-Release/libOpenNI2.so/jchuff.o
/usr/bin/ld: error: ../../Bin/Arm-Release/libOpenNI2.so uses VFP register arguments, ./../../Bin/Intermediate/Arm-Release/libOpenNI2.so/jcmainct.o does not
/usr/bin/ld: failed to merge target specific data of file ./../../Bin/Intermediate/Arm-Release/libOpenNI2.so/jcmainct.o
/usr/bin/ld: error: ../../Bin/Arm-Release/libOpenNI2.so uses VFP register arguments, ./../../Bin/Intermediate/Arm-Release/libOpenNI2.so/jdapimin.o does not
/usr/bin/ld: failed to merge target specific data of file ./../../Bin/Intermediate/Arm-Release/libOpenNI2.so/jdapimin.o
/usr/bin/ld: error: ../../Bin/Arm-Release/libOpenNI2.so uses VFP register arguments, ./../../Bin/Intermediate/Arm-Release/libOpenNI2.so/jcprepct.o does not
/usr/bin/ld: failed to merge target specific data of file ./../../Bin/Intermediate/Arm-Release/libOpenNI2.so/jcprepct.o
/usr/bin/ld: error: ../../Bin/Arm-Release/libOpenNI2.so uses VFP register arguments, ./../../Bin/Intermediate/Arm-Release/libOpenNI2.so/jdmaster.o does not
/usr/bin/ld: failed to merge target specific data of file ./../../Bin/Intermediate/Arm-Release/libOpenNI2.so/jdmaster.o
/usr/bin/ld: error: ../../Bin/Arm-Release/libOpenNI2.so uses VFP register arguments, ./../../Bin/Intermediate/Arm-Release/libOpenNI2.so/jdatasrc.o does not
/usr/bin/ld: failed to merge target specific data of file ./../../Bin/Intermediate/Arm-Release/libOpenNI2.so/jdatasrc.o
/usr/bin/ld: error: ../../Bin/Arm-Release/libOpenNI2.so uses VFP register arguments, ./../../Bin/Intermediate/Arm-Release/libOpenNI2.so/jmemmgr.o does not
/usr/bin/ld: failed to merge target specific data of file ./../../Bin/Intermediate/Arm-Release/libOpenNI2.so/jmemmgr.o
/usr/bin/ld: error: ../../Bin/Arm-Release/libOpenNI2.so uses VFP register arguments, ./../../Bin/Intermediate/Arm-Release/libOpenNI2.so/jdcolor.o does not
/usr/bin/ld: failed to merge target specific data of file ./../../Bin/Intermediate/Arm-Release/libOpenNI2.so/jdcolor.o
/usr/bin/ld: error: ../../Bin/Arm-Release/libOpenNI2.so uses VFP register arguments, ./../../Bin/Intermediate/Arm-Release/libOpenNI2.so/jdmerge.o does not
/usr/bin/ld: failed to merge target specific data of file ./../../Bin/Intermediate/Arm-Release/libOpenNI2.so/jdmerge.o
/usr/bin/ld: error: ../../Bin/Arm-Release/libOpenNI2.so uses VFP register arguments, ./../../Bin/Intermediate/Arm-Release/libOpenNI2.so/jcdctmgr.o does not
/usr/bin/ld: failed to merge target specific data of file ./../../Bin/Intermediate/Arm-Release/libOpenNI2.so/jcdctmgr.o
/usr/bin/ld: error: ../../Bin/Arm-Release/libOpenNI2.so uses VFP register arguments, ./../../Bin/Intermediate/Arm-Release/libOpenNI2.so/jcsample.o does not
/usr/bin/ld: failed to merge target specific data of file ./../../Bin/Intermediate/Arm-Release/libOpenNI2.so/jcsample.o
/usr/bin/ld: error: ../../Bin/Arm-Release/libOpenNI2.so uses VFP register arguments, ./../../Bin/Intermediate/Arm-Release/libOpenNI2.so/jquant1.o does not
/usr/bin/ld: failed to merge target specific data of file ./../../Bin/Intermediate/Arm-Release/libOpenNI2.so/jquant1.o
/usr/bin/ld: error: ../../Bin/Arm-Release/libOpenNI2.so uses VFP register arguments, ./../../Bin/Intermediate/Arm-Release/libOpenNI2.so/jctrans.o does not
/usr/bin/ld: failed to merge target specific data of file ./../../Bin/Intermediate/Arm-Release/libOpenNI2.so/jctrans.o
/usr/bin/ld: error: ../../Bin/Arm-Release/libOpenNI2.so uses VFP register arguments, ./../../Bin/Intermediate/Arm-Release/libOpenNI2.so/jcmarker.o does not
/usr/bin/ld: failed to merge target specific data of file ./../../Bin/Intermediate/Arm-Release/libOpenNI2.so/jcmarker.o
/usr/bin/ld: error: ../../Bin/Arm-Release/libOpenNI2.so uses VFP register arguments, ./../../Bin/Intermediate/Arm-Release/libOpenNI2.so/jidctflt.o does not
/usr/bin/ld: failed to merge target specific data of file ./../../Bin/Intermediate/Arm-Release/libOpenNI2.so/jidctflt.o
/usr/bin/ld: error: ../../Bin/Arm-Release/libOpenNI2.so uses VFP register arguments, ./../../Bin/Intermediate/Arm-Release/libOpenNI2.so/jdsample.o does not
/usr/bin/ld: failed to merge target specific data of file ./../../Bin/Intermediate/Arm-Release/libOpenNI2.so/jdsample.o
/usr/bin/ld: error: ../../Bin/Arm-Release/libOpenNI2.so uses VFP register arguments, ./../../Bin/Intermediate/Arm-Release/libOpenNI2.so/jquant2.o does not
/usr/bin/ld: failed to merge target specific data of file ./../../Bin/Intermediate/Arm-Release/libOpenNI2.so/jquant2.o
/usr/bin/ld: error: ../../Bin/Arm-Release/libOpenNI2.so uses VFP register arguments, ./../../Bin/Intermediate/Arm-Release/libOpenNI2.so/jcomapi.o does not
/usr/bin/ld: failed to merge target specific data of file ./../../Bin/Intermediate/Arm-Release/libOpenNI2.so/jcomapi.o
/usr/bin/ld: error: ../../Bin/Arm-Release/libOpenNI2.so uses VFP register arguments, ./../../Bin/Intermediate/Arm-Release/libOpenNI2.so/jdmainct.o does not
/usr/bin/ld: failed to merge target specific data of file ./../../Bin/Intermediate/Arm-Release/libOpenNI2.so/jdmainct.o
/usr/bin/ld: error: ../../Bin/Arm-Release/libOpenNI2.so uses VFP register arguments, ./../../Bin/Intermediate/Arm-Release/libOpenNI2.so/jdapistd.o does not
/usr/bin/ld: failed to merge target specific data of file ./../../Bin/Intermediate/Arm-Release/libOpenNI2.so/jdapistd.o
/usr/bin/ld: error: ../../Bin/Arm-Release/libOpenNI2.so uses VFP register arguments, ./../../Bin/Intermediate/Arm-Release/libOpenNI2.so/jdpostct.o does not
/usr/bin/ld: failed to merge target specific data of file ./../../Bin/Intermediate/Arm-Release/libOpenNI2.so/jdpostct.o
/usr/bin/ld: error: ../../Bin/Arm-Release/libOpenNI2.so uses VFP register arguments, ./../../Bin/Intermediate/Arm-Release/libOpenNI2.so/jcapimin.o does not
/usr/bin/ld: failed to merge target specific data of file ./../../Bin/Intermediate/Arm-Release/libOpenNI2.so/jcapimin.o
/usr/bin/ld: error: ../../Bin/Arm-Release/libOpenNI2.so uses VFP register arguments, ./../../Bin/Intermediate/Arm-Release/libOpenNI2.so/jcmaster.o does not
/usr/bin/ld: failed to merge target specific data of file ./../../Bin/Intermediate/Arm-Release/libOpenNI2.so/jcmaster.o
/usr/bin/ld: error: ../../Bin/Arm-Release/libOpenNI2.so uses VFP register arguments, ./../../Bin/Intermediate/Arm-Release/libOpenNI2.so/jcphuff.o does not
/usr/bin/ld: failed to merge target specific data of file ./../../Bin/Intermediate/Arm-Release/libOpenNI2.so/jcphuff.o
/usr/bin/ld: error: ../../Bin/Arm-Release/libOpenNI2.so uses VFP register arguments, ./../../Bin/Intermediate/Arm-Release/libOpenNI2.so/jmemnobs.o does not
/usr/bin/ld: failed to merge target specific data of file ./../../Bin/Intermediate/Arm-Release/libOpenNI2.so/jmemnobs.o
/usr/bin/ld: error: ../../Bin/Arm-Release/libOpenNI2.so uses VFP register arguments, ./../../Bin/Intermediate/Arm-Release/libOpenNI2.so/jddctmgr.o does not
/usr/bin/ld: failed to merge target specific data of file ./../../Bin/Intermediate/Arm-Release/libOpenNI2.so/jddctmgr.o
/usr/bin/ld: error: ../../Bin/Arm-Release/libOpenNI2.so uses VFP register arguments, ./../../Bin/Intermediate/Arm-Release/libOpenNI2.so/jdhuff.o does not
/usr/bin/ld: failed to merge target specific data of file ./../../Bin/Intermediate/Arm-Release/libOpenNI2.so/jdhuff.o
/usr/bin/ld: error: ../../Bin/Arm-Release/libOpenNI2.so uses VFP register arguments, ./../../Bin/Intermediate/Arm-Release/libOpenNI2.so/jdinput.o does not
/usr/bin/ld: failed to merge target specific data of file ./../../Bin/Intermediate/Arm-Release/libOpenNI2.so/jdinput.o
/usr/bin/ld: error: ../../Bin/Arm-Release/libOpenNI2.so uses VFP register arguments, ./../../Bin/Intermediate/Arm-Release/libOpenNI2.so/jerror.o does not
/usr/bin/ld: failed to merge target specific data of file ./../../Bin/Intermediate/Arm-Release/libOpenNI2.so/jerror.o
/usr/bin/ld: error: ../../Bin/Arm-Release/libOpenNI2.so uses VFP register arguments, ./../../Bin/Intermediate/Arm-Release/libOpenNI2.so/jdatadst.o does not
/usr/bin/ld: failed to merge target specific data of file ./../../Bin/Intermediate/Arm-Release/libOpenNI2.so/jdatadst.o
/usr/bin/ld: error: ../../Bin/Arm-Release/libOpenNI2.so uses VFP register arguments, ./../../Bin/Intermediate/Arm-Release/libOpenNI2.so/jidctint.o does not
/usr/bin/ld: failed to merge target specific data of file ./../../Bin/Intermediate/Arm-Release/libOpenNI2.so/jidctint.o
/usr/bin/ld: error: ../../Bin/Arm-Release/libOpenNI2.so uses VFP register arguments, ./../../Bin/Intermediate/Arm-Release/libOpenNI2.so/jdphuff.o does not
/usr/bin/ld: failed to merge target specific data of file ./../../Bin/Intermediate/Arm-Release/libOpenNI2.so/jdphuff.o
/usr/bin/ld: error: ../../Bin/Arm-Release/libOpenNI2.so uses VFP register arguments, ./../../Bin/Intermediate/Arm-Release/libOpenNI2.so/jdcoefct.o does not
/usr/bin/ld: failed to merge target specific data of file ./../../Bin/Intermediate/Arm-Release/libOpenNI2.so/jdcoefct.o
/usr/bin/ld: error: ../../Bin/Arm-Release/libOpenNI2.so uses VFP register arguments, ./../../Bin/Intermediate/Arm-Release/libOpenNI2.so/jcapistd.o does not
/usr/bin/ld: failed to merge target specific data of file ./../../Bin/Intermediate/Arm-Release/libOpenNI2.so/jcapistd.o
/usr/bin/ld: error: ../../Bin/Arm-Release/libOpenNI2.so uses VFP register arguments, ../../ThirdParty/PSCommon/XnLib/Bin/Arm-Release/libXnLib.a(XnErrorLogger.o) does not
/usr/bin/ld: failed to merge target specific data of file ../../ThirdParty/PSCommon/XnLib/Bin/Arm-Release/libXnLib.a(XnErrorLogger.o)
/usr/bin/ld: error: ../../Bin/Arm-Release/libOpenNI2.so uses VFP register arguments, ../../ThirdParty/PSCommon/XnLib/Bin/Arm-Release/libXnLib.a(XnStrings.o) does not
/usr/bin/ld: failed to merge target specific data of file ../../ThirdParty/PSCommon/XnLib/Bin/Arm-Release/libXnLib.a(XnStrings.o)
/usr/bin/ld: error: ../../Bin/Arm-Release/libOpenNI2.so uses VFP register arguments, ../../ThirdParty/PSCommon/XnLib/Bin/Arm-Release/libXnLib.a(XnLog.o) does not
/usr/bin/ld: failed to merge target specific data of file ../../ThirdParty/PSCommon/XnLib/Bin/Arm-Release/libXnLib.a(XnLog.o)
/usr/bin/ld: error: ../../Bin/Arm-Release/libOpenNI2.so uses VFP register arguments, ../../ThirdParty/PSCommon/XnLib/Bin/Arm-Release/libXnLib.a(XnLogConsoleWriter.o) does not
/usr/bin/ld: failed to merge target specific data of file ../../ThirdParty/PSCommon/XnLib/Bin/Arm-Release/libXnLib.a(XnLogConsoleWriter.o)
/usr/bin/ld: error: ../../Bin/Arm-Release/libOpenNI2.so uses VFP register arguments, ../../ThirdParty/PSCommon/XnLib/Bin/Arm-Release/libXnLib.a(XnStatus.o) does not
/usr/bin/ld: failed to merge target specific data of file ../../ThirdParty/PSCommon/XnLib/Bin/Arm-Release/libXnLib.a(XnStatus.o)
/usr/bin/ld: error: ../../Bin/Arm-Release/libOpenNI2.so uses VFP register arguments, ../../ThirdParty/PSCommon/XnLib/Bin/Arm-Release/libXnLib.a(XnFiles.o) does not
/usr/bin/ld: failed to merge target specific data of file ../../ThirdParty/PSCommon/XnLib/Bin/Arm-Release/libXnLib.a(XnFiles.o)
/usr/bin/ld: error: ../../Bin/Arm-Release/libOpenNI2.so uses VFP register arguments, ../../ThirdParty/PSCommon/XnLib/Bin/Arm-Release/libXnLib.a(XnDump.o) does not
/usr/bin/ld: failed to merge target specific data of file ../../ThirdParty/PSCommon/XnLib/Bin/Arm-Release/libXnLib.a(XnDump.o)
/usr/bin/ld: error: ../../Bin/Arm-Release/libOpenNI2.so uses VFP register arguments, ../../ThirdParty/PSCommon/XnLib/Bin/Arm-Release/libXnLib.a(XnLinuxStrings.o) does not
/usr/bin/ld: failed to merge target specific data of file ../../ThirdParty/PSCommon/XnLib/Bin/Arm-Release/libXnLib.a(XnLinuxStrings.o)
/usr/bin/ld: error: ../../Bin/Arm-Release/libOpenNI2.so uses VFP register arguments, ../../ThirdParty/PSCommon/XnLib/Bin/Arm-Release/libXnLib.a(XnLinuxCriticalSections.o) does not
/usr/bin/ld: failed to merge target specific data of file ../../ThirdParty/PSCommon/XnLib/Bin/Arm-Release/libXnLib.a(XnLinuxCriticalSections.o)
/usr/bin/ld: error: ../../Bin/Arm-Release/libOpenNI2.so uses VFP register arguments, ../../ThirdParty/PSCommon/XnLib/Bin/Arm-Release/libXnLib.a(XnLinuxMutex.o) does not
/usr/bin/ld: failed to merge target specific data of file ../../ThirdParty/PSCommon/XnLib/Bin/Arm-Release/libXnLib.a(XnLinuxMutex.o)
/usr/bin/ld: error: ../../Bin/Arm-Release/libOpenNI2.so uses VFP register arguments, ../../ThirdParty/PSCommon/XnLib/Bin/Arm-Release/libXnLib.a(XnLinuxMemory.o) does not
/usr/bin/ld: failed to merge target specific data of file ../../ThirdParty/PSCommon/XnLib/Bin/Arm-Release/libXnLib.a(XnLinuxMemory.o)
/usr/bin/ld: error: ../../Bin/Arm-Release/libOpenNI2.so uses VFP register arguments, ../../ThirdParty/PSCommon/XnLib/Bin/Arm-Release/libXnLib.a(XnLinuxThreads.o) does not
/usr/bin/ld: failed to merge target specific data of file ../../ThirdParty/PSCommon/XnLib/Bin/Arm-Release/libXnLib.a(XnLinuxThreads.o)
/usr/bin/ld: error: ../../Bin/Arm-Release/libOpenNI2.so uses VFP register arguments, ../../ThirdParty/PSCommon/XnLib/Bin/Arm-Release/libXnLib.a(XnLinuxProcesses.o) does not
/usr/bin/ld: failed to merge target specific data of file ../../ThirdParty/PSCommon/XnLib/Bin/Arm-Release/libXnLib.a(XnLinuxProcesses.o)
/usr/bin/ld: error: ../../Bin/Arm-Release/libOpenNI2.so uses VFP register arguments, ../../ThirdParty/PSCommon/XnLib/Bin/Arm-Release/libXnLib.a(XnLinuxINI.o) does not
/usr/bin/ld: failed to merge target specific data of file ../../ThirdParty/PSCommon/XnLib/Bin/Arm-Release/libXnLib.a(XnLinuxINI.o)
/usr/bin/ld: error: ../../Bin/Arm-Release/libOpenNI2.so uses VFP register arguments, ../../ThirdParty/PSCommon/XnLib/Bin/Arm-Release/libXnLib.a(XnLinuxFiles.o) does not
/usr/bin/ld: failed to merge target specific data of file ../../ThirdParty/PSCommon/XnLib/Bin/Arm-Release/libXnLib.a(XnLinuxFiles.o)
/usr/bin/ld: error: ../../Bin/Arm-Release/libOpenNI2.so uses VFP register arguments, ../../ThirdParty/PSCommon/XnLib/Bin/Arm-Release/libXnLib.a(XnLinuxEvents.o) does not
/usr/bin/ld: failed to merge target specific data of file ../../ThirdParty/PSCommon/XnLib/Bin/Arm-Release/libXnLib.a(XnLinuxEvents.o)
/usr/bin/ld: error: ../../Bin/Arm-Release/libOpenNI2.so uses VFP register arguments, ../../ThirdParty/PSCommon/XnLib/Bin/Arm-Release/libXnLib.a(XnLinuxTime.o) does not
/usr/bin/ld: failed to merge target specific data of file ../../ThirdParty/PSCommon/XnLib/Bin/Arm-Release/libXnLib.a(XnLinuxTime.o)
/usr/bin/ld: error: ../../Bin/Arm-Release/libOpenNI2.so uses VFP register arguments, ../../ThirdParty/PSCommon/XnLib/Bin/Arm-Release/libXnLib.a(XnLinuxSharedLibs.o) does not
/usr/bin/ld: failed to merge target specific data of file ../../ThirdParty/PSCommon/XnLib/Bin/Arm-Release/libXnLib.a(XnLinuxSharedLibs.o)
/usr/bin/ld: error: ../../Bin/Arm-Release/libOpenNI2.so uses VFP register arguments, ../../ThirdParty/PSCommon/XnLib/Bin/Arm-Release/libXnLib.a(XnLinuxSysVNamedEvents.o) does not
/usr/bin/ld: failed to merge target specific data of file ../../ThirdParty/PSCommon/XnLib/Bin/Arm-Release/libXnLib.a(XnLinuxSysVNamedEvents.o)
/usr/bin/ld: error: ../../Bin/Arm-Release/libOpenNI2.so uses VFP register arguments, ../../ThirdParty/PSCommon/XnLib/Bin/Arm-Release/libXnLib.a(XnLogFileWriter.o) does not
/usr/bin/ld: failed to merge target specific data of file ../../ThirdParty/PSCommon/XnLib/Bin/Arm-Release/libXnLib.a(XnLogFileWriter.o)
/usr/bin/ld: error: ../../Bin/Arm-Release/libOpenNI2.so uses VFP register arguments, ../../ThirdParty/PSCommon/XnLib/Bin/Arm-Release/libXnLib.a(XnDumpFileWriter.o) does not
/usr/bin/ld: failed to merge target specific data of file ../../ThirdParty/PSCommon/XnLib/Bin/Arm-Release/libXnLib.a(XnDumpFileWriter.o)
/usr/bin/ld: error: ../../Bin/Arm-Release/libOpenNI2.so uses VFP register arguments, ../../ThirdParty/PSCommon/XnLib/Bin/Arm-Release/libXnLib.a(XnLinuxPosixEvents.o) does not
/usr/bin/ld: failed to merge target specific data of file ../../ThirdParty/PSCommon/XnLib/Bin/Arm-Release/libXnLib.a(XnLinuxPosixEvents.o)
collect2: error: ld returned 1 exit status
../../ThirdParty/PSCommon/BuildSystem/CommonCppMakefile:136: recipe for target '../../Bin/Arm-Release/libOpenNI2.so' failed
make[1]: *** [../../Bin/Arm-Release/libOpenNI2.so] Error 1
make[1]: Leaving directory '/home/raspberry/Pulpit/OpenNI2-master/Source/Core'
Makefile:122: recipe for target 'Source/Core' failed
make: *** [Source/Core] Error 2
make: Leaving directory '/home/raspberry/Pulpit/OpenNI2-master'
